{"/Users/alpuchilo/Documents/GitHub/js-amino/src/index.js":{"path":"/Users/alpuchilo/Documents/GitHub/js-amino/src/index.js","statementMap":{"0":{"start":{"line":1,"column":27},"end":{"line":1,"column":45}},"1":{"start":{"line":2,"column":20},"end":{"line":2,"column":44}},"2":{"start":{"line":4,"column":23},"end":{"line":4,"column":41}},"3":{"start":{"line":5,"column":14},"end":{"line":5,"column":32}},"4":{"start":{"line":11,"column":0},"end":{"line":18,"column":1}}},"fnMap":{},"branchMap":{},"s":{"0":1,"1":1,"2":1,"3":1,"4":1},"f":{},"b":{},"_coverageSchema":"43e27e138ebf9cfc5966b082cf9a028302ed4184","hash":"ba0c683cb662c10f0a00c94d7eb81147ff4cabbe","contentHash":"5b8ded300b6c390bab46b9b85ae4caca2b01ea30fd46d401f2e662da635f28fd"},"/Users/alpuchilo/Documents/GitHub/js-amino/src/codec.js":{"path":"/Users/alpuchilo/Documents/GitHub/js-amino/src/codec.js","statementMap":{"0":{"start":{"line":1,"column":23},"end":{"line":1,"column":65}},"1":{"start":{"line":2,"column":19},"end":{"line":2,"column":39}},"2":{"start":{"line":3,"column":22},"end":{"line":3,"column":48}},"3":{"start":{"line":4,"column":22},"end":{"line":4,"column":48}},"4":{"start":{"line":5,"column":20},"end":{"line":5,"column":44}},"5":{"start":{"line":6,"column":20},"end":{"line":6,"column":44}},"6":{"start":{"line":7,"column":16},"end":{"line":7,"column":36}},"7":{"start":{"line":8,"column":16},"end":{"line":8,"column":36}},"8":{"start":{"line":9,"column":20},"end":{"line":9,"column":44}},"9":{"start":{"line":10,"column":14},"end":{"line":10,"column":32}},"10":{"start":{"line":15,"column":4},"end":{"line":15,"column":22}},"11":{"start":{"line":18,"column":15},"end":{"line":18,"column":19}},"12":{"start":{"line":20,"column":14},"end":{"line":22,"column":1}},"13":{"start":{"line":27,"column":8},"end":{"line":27,"column":44}},"14":{"start":{"line":28,"column":8},"end":{"line":28,"column":54}},"15":{"start":{"line":29,"column":8},"end":{"line":29,"column":51}},"16":{"start":{"line":30,"column":8},"end":{"line":30,"column":51}},"17":{"start":{"line":31,"column":8},"end":{"line":31,"column":43}},"18":{"start":{"line":32,"column":8},"end":{"line":32,"column":51}},"19":{"start":{"line":33,"column":8},"end":{"line":33,"column":57}},"20":{"start":{"line":41,"column":8},"end":{"line":43,"column":9}},"21":{"start":{"line":42,"column":12},"end":{"line":42,"column":28}},"22":{"start":{"line":44,"column":8},"end":{"line":44,"column":35}},"23":{"start":{"line":45,"column":8},"end":{"line":45,"column":24}},"24":{"start":{"line":49,"column":8},"end":{"line":49,"column":42}},"25":{"start":{"line":53,"column":8},"end":{"line":53,"column":53}},"26":{"start":{"line":57,"column":23},"end":{"line":57,"column":50}},"27":{"start":{"line":58,"column":8},"end":{"line":60,"column":9}},"28":{"start":{"line":59,"column":12},"end":{"line":59,"column":57}},"29":{"start":{"line":61,"column":19},"end":{"line":61,"column":53}},"30":{"start":{"line":62,"column":8},"end":{"line":62,"column":30}},"31":{"start":{"line":63,"column":8},"end":{"line":63,"column":28}},"32":{"start":{"line":64,"column":8},"end":{"line":64,"column":32}},"33":{"start":{"line":69,"column":8},"end":{"line":69,"column":30}},"34":{"start":{"line":69,"column":18},"end":{"line":69,"column":30}},"35":{"start":{"line":70,"column":23},"end":{"line":70,"column":58}},"36":{"start":{"line":71,"column":20},"end":{"line":71,"column":57}},"37":{"start":{"line":73,"column":28},"end":{"line":73,"column":33}},"38":{"start":{"line":75,"column":8},"end":{"line":80,"column":9}},"39":{"start":{"line":76,"column":12},"end":{"line":79,"column":13}},"40":{"start":{"line":81,"column":8},"end":{"line":81,"column":44}},"41":{"start":{"line":85,"column":30},"end":{"line":85,"column":46}},"42":{"start":{"line":86,"column":23},"end":{"line":86,"column":50}},"43":{"start":{"line":87,"column":8},"end":{"line":89,"column":9}},"44":{"start":{"line":88,"column":12},"end":{"line":88,"column":60}},"45":{"start":{"line":90,"column":20},"end":{"line":90,"column":35}},"46":{"start":{"line":91,"column":23},"end":{"line":91,"column":63}},"47":{"start":{"line":92,"column":8},"end":{"line":97,"column":9}},"48":{"start":{"line":93,"column":12},"end":{"line":95,"column":13}},"49":{"start":{"line":94,"column":16},"end":{"line":94,"column":107}},"50":{"start":{"line":96,"column":12},"end":{"line":96,"column":41}},"51":{"start":{"line":98,"column":8},"end":{"line":98,"column":47}},"52":{"start":{"line":102,"column":8},"end":{"line":102,"column":29}},"53":{"start":{"line":102,"column":18},"end":{"line":102,"column":29}},"54":{"start":{"line":106,"column":26},"end":{"line":106,"column":78}},"55":{"start":{"line":107,"column":8},"end":{"line":111,"column":9}},"56":{"start":{"line":108,"column":12},"end":{"line":110,"column":13}},"57":{"start":{"line":109,"column":16},"end":{"line":109,"column":65}},"58":{"start":{"line":113,"column":20},"end":{"line":113,"column":61}},"59":{"start":{"line":115,"column":8},"end":{"line":115,"column":40}},"60":{"start":{"line":119,"column":8},"end":{"line":119,"column":93}},"61":{"start":{"line":119,"column":28},"end":{"line":119,"column":93}},"62":{"start":{"line":120,"column":8},"end":{"line":120,"column":92}},"63":{"start":{"line":120,"column":23},"end":{"line":120,"column":92}},"64":{"start":{"line":121,"column":23},"end":{"line":121,"column":50}},"65":{"start":{"line":122,"column":23},"end":{"line":122,"column":44}},"66":{"start":{"line":123,"column":8},"end":{"line":123,"column":75}},"67":{"start":{"line":123,"column":23},"end":{"line":123,"column":75}},"68":{"start":{"line":127,"column":12},"end":{"line":127,"column":37}},"69":{"start":{"line":128,"column":21},"end":{"line":128,"column":41}},"70":{"start":{"line":131,"column":8},"end":{"line":131,"column":89}},"71":{"start":{"line":131,"column":35},"end":{"line":131,"column":89}},"72":{"start":{"line":132,"column":8},"end":{"line":134,"column":9}},"73":{"start":{"line":133,"column":12},"end":{"line":133,"column":51}},"74":{"start":{"line":135,"column":8},"end":{"line":135,"column":41}},"75":{"start":{"line":136,"column":8},"end":{"line":136,"column":77}},"76":{"start":{"line":140,"column":8},"end":{"line":140,"column":31}},"77":{"start":{"line":144,"column":0},"end":{"line":147,"column":1}}},"fnMap":{"0":{"name":"(anonymous_0)","decl":{"start":{"line":26,"column":4},"end":{"line":26,"column":5}},"loc":{"start":{"line":26,"column":27},"end":{"line":35,"column":5}},"line":26},"1":{"name":"(anonymous_1)","decl":{"start":{"line":40,"column":4},"end":{"line":40,"column":5}},"loc":{"start":{"line":40,"column":18},"end":{"line":46,"column":5}},"line":40},"2":{"name":"(anonymous_2)","decl":{"start":{"line":48,"column":4},"end":{"line":48,"column":5}},"loc":{"start":{"line":48,"column":21},"end":{"line":50,"column":5}},"line":48},"3":{"name":"(anonymous_3)","decl":{"start":{"line":52,"column":4},"end":{"line":52,"column":5}},"loc":{"start":{"line":52,"column":34},"end":{"line":54,"column":5}},"line":52},"4":{"name":"(anonymous_4)","decl":{"start":{"line":56,"column":4},"end":{"line":56,"column":5}},"loc":{"start":{"line":56,"column":42},"end":{"line":66,"column":5}},"line":56},"5":{"name":"(anonymous_5)","decl":{"start":{"line":68,"column":4},"end":{"line":68,"column":5}},"loc":{"start":{"line":68,"column":21},"end":{"line":82,"column":5}},"line":68},"6":{"name":"(anonymous_6)","decl":{"start":{"line":84,"column":4},"end":{"line":84,"column":5}},"loc":{"start":{"line":84,"column":34},"end":{"line":99,"column":5}},"line":84},"7":{"name":"(anonymous_7)","decl":{"start":{"line":101,"column":4},"end":{"line":101,"column":5}},"loc":{"start":{"line":101,"column":54},"end":{"line":116,"column":5}},"line":101},"8":{"name":"(anonymous_8)","decl":{"start":{"line":118,"column":4},"end":{"line":118,"column":5}},"loc":{"start":{"line":118,"column":65},"end":{"line":138,"column":5}},"line":118},"9":{"name":"(anonymous_9)","decl":{"start":{"line":139,"column":4},"end":{"line":139,"column":5}},"loc":{"start":{"line":139,"column":18},"end":{"line":141,"column":5}},"line":139}},"branchMap":{"0":{"loc":{"start":{"line":26,"column":16},"end":{"line":26,"column":25}},"type":"default-arg","locations":[{"start":{"line":26,"column":23},"end":{"line":26,"column":25}}],"line":26},"1":{"loc":{"start":{"line":27,"column":24},"end":{"line":27,"column":43}},"type":"binary-expr","locations":[{"start":{"line":27,"column":24},"end":{"line":27,"column":37}},{"start":{"line":27,"column":41},"end":{"line":27,"column":43}}],"line":27},"2":{"loc":{"start":{"line":28,"column":29},"end":{"line":28,"column":53}},"type":"binary-expr","locations":[{"start":{"line":28,"column":29},"end":{"line":28,"column":47}},{"start":{"line":28,"column":51},"end":{"line":28,"column":53}}],"line":28},"3":{"loc":{"start":{"line":29,"column":26},"end":{"line":29,"column":50}},"type":"binary-expr","locations":[{"start":{"line":29,"column":26},"end":{"line":29,"column":41}},{"start":{"line":29,"column":45},"end":{"line":29,"column":50}}],"line":29},"4":{"loc":{"start":{"line":30,"column":26},"end":{"line":30,"column":50}},"type":"binary-expr","locations":[{"start":{"line":30,"column":26},"end":{"line":30,"column":41}},{"start":{"line":30,"column":45},"end":{"line":30,"column":50}}],"line":30},"5":{"loc":{"start":{"line":31,"column":22},"end":{"line":31,"column":42}},"type":"binary-expr","locations":[{"start":{"line":31,"column":22},"end":{"line":31,"column":33}},{"start":{"line":31,"column":37},"end":{"line":31,"column":42}}],"line":31},"6":{"loc":{"start":{"line":32,"column":26},"end":{"line":32,"column":50}},"type":"binary-expr","locations":[{"start":{"line":32,"column":26},"end":{"line":32,"column":41}},{"start":{"line":32,"column":45},"end":{"line":32,"column":50}}],"line":32},"7":{"loc":{"start":{"line":33,"column":29},"end":{"line":33,"column":56}},"type":"binary-expr","locations":[{"start":{"line":33,"column":29},"end":{"line":33,"column":47}},{"start":{"line":33,"column":51},"end":{"line":33,"column":56}}],"line":33},"8":{"loc":{"start":{"line":41,"column":8},"end":{"line":43,"column":9}},"type":"if","locations":[{"start":{"line":41,"column":8},"end":{"line":43,"column":9}},{"start":{"line":41,"column":8},"end":{"line":43,"column":9}}],"line":41},"9":{"loc":{"start":{"line":58,"column":8},"end":{"line":60,"column":9}},"type":"if","locations":[{"start":{"line":58,"column":8},"end":{"line":60,"column":9}},{"start":{"line":58,"column":8},"end":{"line":60,"column":9}}],"line":58},"10":{"loc":{"start":{"line":69,"column":8},"end":{"line":69,"column":30}},"type":"if","locations":[{"start":{"line":69,"column":8},"end":{"line":69,"column":30}},{"start":{"line":69,"column":8},"end":{"line":69,"column":30}}],"line":69},"11":{"loc":{"start":{"line":75,"column":8},"end":{"line":80,"column":9}},"type":"if","locations":[{"start":{"line":75,"column":8},"end":{"line":80,"column":9}},{"start":{"line":75,"column":8},"end":{"line":80,"column":9}}],"line":75},"12":{"loc":{"start":{"line":75,"column":12},"end":{"line":75,"column":37}},"type":"binary-expr","locations":[{"start":{"line":75,"column":12},"end":{"line":75,"column":20}},{"start":{"line":75,"column":24},"end":{"line":75,"column":37}}],"line":75},"13":{"loc":{"start":{"line":87,"column":8},"end":{"line":89,"column":9}},"type":"if","locations":[{"start":{"line":87,"column":8},"end":{"line":89,"column":9}},{"start":{"line":87,"column":8},"end":{"line":89,"column":9}}],"line":87},"14":{"loc":{"start":{"line":92,"column":8},"end":{"line":97,"column":9}},"type":"if","locations":[{"start":{"line":92,"column":8},"end":{"line":97,"column":9}},{"start":{"line":92,"column":8},"end":{"line":97,"column":9}}],"line":92},"15":{"loc":{"start":{"line":92,"column":12},"end":{"line":92,"column":37}},"type":"binary-expr","locations":[{"start":{"line":92,"column":12},"end":{"line":92,"column":20}},{"start":{"line":92,"column":24},"end":{"line":92,"column":37}}],"line":92},"16":{"loc":{"start":{"line":93,"column":12},"end":{"line":95,"column":13}},"type":"if","locations":[{"start":{"line":93,"column":12},"end":{"line":95,"column":13}},{"start":{"line":93,"column":12},"end":{"line":95,"column":13}}],"line":93},"17":{"loc":{"start":{"line":101,"column":23},"end":{"line":101,"column":52}},"type":"default-arg","locations":[{"start":{"line":101,"column":35},"end":{"line":101,"column":52}}],"line":101},"18":{"loc":{"start":{"line":102,"column":8},"end":{"line":102,"column":29}},"type":"if","locations":[{"start":{"line":102,"column":8},"end":{"line":102,"column":29}},{"start":{"line":102,"column":8},"end":{"line":102,"column":29}}],"line":102},"19":{"loc":{"start":{"line":107,"column":8},"end":{"line":111,"column":9}},"type":"if","locations":[{"start":{"line":107,"column":8},"end":{"line":111,"column":9}},{"start":{"line":107,"column":8},"end":{"line":111,"column":9}}],"line":107},"20":{"loc":{"start":{"line":108,"column":12},"end":{"line":110,"column":13}},"type":"if","locations":[{"start":{"line":108,"column":12},"end":{"line":110,"column":13}},{"start":{"line":108,"column":12},"end":{"line":110,"column":13}}],"line":108},"21":{"loc":{"start":{"line":118,"column":34},"end":{"line":118,"column":63}},"type":"default-arg","locations":[{"start":{"line":118,"column":46},"end":{"line":118,"column":63}}],"line":118},"22":{"loc":{"start":{"line":119,"column":8},"end":{"line":119,"column":93}},"type":"if","locations":[{"start":{"line":119,"column":8},"end":{"line":119,"column":93}},{"start":{"line":119,"column":8},"end":{"line":119,"column":93}}],"line":119},"23":{"loc":{"start":{"line":120,"column":8},"end":{"line":120,"column":92}},"type":"if","locations":[{"start":{"line":120,"column":8},"end":{"line":120,"column":92}},{"start":{"line":120,"column":8},"end":{"line":120,"column":92}}],"line":120},"24":{"loc":{"start":{"line":123,"column":8},"end":{"line":123,"column":75}},"type":"if","locations":[{"start":{"line":123,"column":8},"end":{"line":123,"column":75}},{"start":{"line":123,"column":8},"end":{"line":123,"column":75}}],"line":123},"25":{"loc":{"start":{"line":131,"column":8},"end":{"line":131,"column":89}},"type":"if","locations":[{"start":{"line":131,"column":8},"end":{"line":131,"column":89}},{"start":{"line":131,"column":8},"end":{"line":131,"column":89}}],"line":131},"26":{"loc":{"start":{"line":132,"column":8},"end":{"line":134,"column":9}},"type":"if","locations":[{"start":{"line":132,"column":8},"end":{"line":134,"column":9}},{"start":{"line":132,"column":8},"end":{"line":134,"column":9}}],"line":132}},"s":{"0":1,"1":1,"2":1,"3":1,"4":1,"5":1,"6":1,"7":1,"8":1,"9":1,"10":1,"11":1,"12":1,"13":9,"14":9,"15":9,"16":9,"17":9,"18":9,"19":9,"20":4,"21":1,"22":4,"23":4,"24":4,"25":4,"26":4,"27":4,"28":0,"29":4,"30":4,"31":4,"32":4,"33":0,"34":0,"35":0,"36":0,"37":0,"38":0,"39":0,"40":0,"41":0,"42":0,"43":0,"44":0,"45":0,"46":0,"47":0,"48":0,"49":0,"50":0,"51":0,"52":9,"53":0,"54":9,"55":9,"56":2,"57":2,"58":9,"59":9,"60":0,"61":0,"62":0,"63":0,"64":0,"65":0,"66":0,"67":0,"68":0,"69":0,"70":0,"71":0,"72":0,"73":0,"74":0,"75":0,"76":4,"77":1},"f":{"0":9,"1":4,"2":4,"3":4,"4":4,"5":0,"6":0,"7":9,"8":0,"9":4},"b":{"0":[8],"1":[9,9],"2":[9,9],"3":[9,8],"4":[9,8],"5":[9,9],"6":[9,9],"7":[9,9],"8":[1,3],"9":[0,4],"10":[0,0],"11":[0,0],"12":[0,0],"13":[0,0],"14":[0,0],"15":[0,0],"16":[0,0],"17":[8],"18":[0,9],"19":[2,7],"20":[2,0],"21":[0],"22":[0,0],"23":[0,0],"24":[0,0],"25":[0,0],"26":[0,0]},"_coverageSchema":"43e27e138ebf9cfc5966b082cf9a028302ed4184","hash":"450eb5dd3268265c2b1ca0189e7636049b309c55","contentHash":"bb29676faca048d2dabb0ad62e9aad5747870ce321527baa83a7577e8111e165"},"/Users/alpuchilo/Documents/GitHub/js-amino/src/registeredType.js":{"path":"/Users/alpuchilo/Documents/GitHub/js-amino/src/registeredType.js","statementMap":{"0":{"start":{"line":1,"column":12},"end":{"line":1,"column":30}},"1":{"start":{"line":4,"column":23},"end":{"line":4,"column":24}},"2":{"start":{"line":5,"column":23},"end":{"line":5,"column":24}},"3":{"start":{"line":6,"column":23},"end":{"line":6,"column":54}},"4":{"start":{"line":7,"column":23},"end":{"line":7,"column":27}},"5":{"start":{"line":10,"column":17},"end":{"line":10,"column":37}},"6":{"start":{"line":15,"column":8},"end":{"line":15,"column":25}},"7":{"start":{"line":17,"column":8},"end":{"line":17,"column":60}},"8":{"start":{"line":18,"column":8},"end":{"line":18,"column":44}},"9":{"start":{"line":19,"column":8},"end":{"line":19,"column":46}},"10":{"start":{"line":23,"column":8},"end":{"line":23,"column":38}},"11":{"start":{"line":27,"column":8},"end":{"line":27,"column":46}},"12":{"start":{"line":31,"column":8},"end":{"line":31,"column":38}},"13":{"start":{"line":35,"column":8},"end":{"line":35,"column":38}},"14":{"start":{"line":39,"column":8},"end":{"line":39,"column":44}},"15":{"start":{"line":43,"column":8},"end":{"line":43,"column":47}},"16":{"start":{"line":55,"column":23},"end":{"line":55,"column":50}},"17":{"start":{"line":56,"column":8},"end":{"line":56,"column":53}},"18":{"start":{"line":57,"column":21},"end":{"line":57,"column":54}},"19":{"start":{"line":58,"column":8},"end":{"line":58,"column":62}},"20":{"start":{"line":59,"column":21},"end":{"line":59,"column":53}},"21":{"start":{"line":61,"column":8},"end":{"line":61,"column":32}},"22":{"start":{"line":71,"column":8},"end":{"line":73,"column":9}},"23":{"start":{"line":72,"column":12},"end":{"line":72,"column":32}},"24":{"start":{"line":74,"column":8},"end":{"line":74,"column":20}},"25":{"start":{"line":78,"column":0},"end":{"line":80,"column":1}},"26":{"start":{"line":81,"column":0},"end":{"line":87,"column":1}},"27":{"start":{"line":82,"column":15},"end":{"line":82,"column":55}},"28":{"start":{"line":83,"column":4},"end":{"line":83,"column":38}},"29":{"start":{"line":84,"column":4},"end":{"line":84,"column":38}},"30":{"start":{"line":85,"column":4},"end":{"line":85,"column":39}}},"fnMap":{"0":{"name":"(anonymous_0)","decl":{"start":{"line":14,"column":4},"end":{"line":14,"column":5}},"loc":{"start":{"line":14,"column":29},"end":{"line":20,"column":5}},"line":14},"1":{"name":"(anonymous_1)","decl":{"start":{"line":22,"column":4},"end":{"line":22,"column":5}},"loc":{"start":{"line":22,"column":17},"end":{"line":24,"column":5}},"line":22},"2":{"name":"(anonymous_2)","decl":{"start":{"line":26,"column":4},"end":{"line":26,"column":5}},"loc":{"start":{"line":26,"column":17},"end":{"line":28,"column":5}},"line":26},"3":{"name":"(anonymous_3)","decl":{"start":{"line":30,"column":4},"end":{"line":30,"column":5}},"loc":{"start":{"line":30,"column":17},"end":{"line":32,"column":5}},"line":30},"4":{"name":"(anonymous_4)","decl":{"start":{"line":34,"column":4},"end":{"line":34,"column":5}},"loc":{"start":{"line":34,"column":22},"end":{"line":36,"column":5}},"line":34},"5":{"name":"(anonymous_5)","decl":{"start":{"line":38,"column":4},"end":{"line":38,"column":5}},"loc":{"start":{"line":38,"column":21},"end":{"line":40,"column":5}},"line":38},"6":{"name":"(anonymous_6)","decl":{"start":{"line":42,"column":4},"end":{"line":42,"column":5}},"loc":{"start":{"line":42,"column":27},"end":{"line":44,"column":5}},"line":42},"7":{"name":"(anonymous_7)","decl":{"start":{"line":54,"column":4},"end":{"line":54,"column":5}},"loc":{"start":{"line":54,"column":31},"end":{"line":62,"column":5}},"line":54},"8":{"name":"(anonymous_8)","decl":{"start":{"line":70,"column":4},"end":{"line":70,"column":5}},"loc":{"start":{"line":70,"column":30},"end":{"line":75,"column":5}},"line":70}},"branchMap":{"0":{"loc":{"start":{"line":81,"column":0},"end":{"line":87,"column":1}},"type":"if","locations":[{"start":{"line":81,"column":0},"end":{"line":87,"column":1}},{"start":{"line":81,"column":0},"end":{"line":87,"column":1}}],"line":81}},"s":{"0":1,"1":1,"2":1,"3":1,"4":1,"5":1,"6":4,"7":4,"8":4,"9":4,"10":5,"11":0,"12":0,"13":0,"14":2,"15":4,"16":4,"17":4,"18":4,"19":4,"20":4,"21":4,"22":8,"23":0,"24":8,"25":1,"26":1,"27":0,"28":0,"29":0,"30":0},"f":{"0":4,"1":5,"2":0,"3":0,"4":0,"5":2,"6":4,"7":4,"8":8},"b":{"0":[0,1]},"_coverageSchema":"43e27e138ebf9cfc5966b082cf9a028302ed4184","hash":"c85d064720a8502fceb7e57d9bf7574843b4db4d","contentHash":"ca14de1ec80d81f36d9574d5b314323ce11c8f24a01369c80ed6c6dd23c469ad"},"/Users/alpuchilo/Documents/GitHub/js-amino/src/utils.js":{"path":"/Users/alpuchilo/Documents/GitHub/js-amino/src/utils.js","statementMap":{"0":{"start":{"line":1,"column":19},"end":{"line":5,"column":1}},"1":{"start":{"line":2,"column":17},"end":{"line":2,"column":37}},"2":{"start":{"line":3,"column":16},"end":{"line":3,"column":36}},"3":{"start":{"line":4,"column":4},"end":{"line":4,"column":25}},"4":{"start":{"line":7,"column":16},"end":{"line":14,"column":3}},"5":{"start":{"line":8,"column":17},"end":{"line":8,"column":19}},"6":{"start":{"line":9,"column":4},"end":{"line":12,"column":5}},"7":{"start":{"line":9,"column":17},"end":{"line":9,"column":18}},"8":{"start":{"line":10,"column":16},"end":{"line":10,"column":33}},"9":{"start":{"line":11,"column":6},"end":{"line":11,"column":36}},"10":{"start":{"line":13,"column":4},"end":{"line":13,"column":17}},"11":{"start":{"line":16,"column":16},"end":{"line":26,"column":3}},"12":{"start":{"line":17,"column":12},"end":{"line":17,"column":14}},"13":{"start":{"line":18,"column":4},"end":{"line":24,"column":6}},"14":{"start":{"line":19,"column":8},"end":{"line":19,"column":26}},"15":{"start":{"line":20,"column":8},"end":{"line":22,"column":9}},"16":{"start":{"line":21,"column":12},"end":{"line":21,"column":23}},"17":{"start":{"line":23,"column":8},"end":{"line":23,"column":14}},"18":{"start":{"line":25,"column":4},"end":{"line":25,"column":12}},"19":{"start":{"line":29,"column":16},"end":{"line":89,"column":1}},"20":{"start":{"line":32,"column":15},"end":{"line":32,"column":52}},"21":{"start":{"line":35,"column":4},"end":{"line":35,"column":69}},"22":{"start":{"line":35,"column":56},"end":{"line":35,"column":69}},"23":{"start":{"line":38,"column":4},"end":{"line":38,"column":78}},"24":{"start":{"line":38,"column":65},"end":{"line":38,"column":78}},"25":{"start":{"line":41,"column":19},"end":{"line":41,"column":87}},"26":{"start":{"line":42,"column":19},"end":{"line":42,"column":87}},"27":{"start":{"line":43,"column":4},"end":{"line":43,"column":44}},"28":{"start":{"line":43,"column":31},"end":{"line":43,"column":44}},"29":{"start":{"line":46,"column":18},"end":{"line":71,"column":5}},"30":{"start":{"line":49,"column":23},"end":{"line":49,"column":60}},"31":{"start":{"line":52,"column":8},"end":{"line":70,"column":9}},"32":{"start":{"line":53,"column":12},"end":{"line":53,"column":53}},"33":{"start":{"line":53,"column":40},"end":{"line":53,"column":53}},"34":{"start":{"line":60,"column":12},"end":{"line":60,"column":81}},"35":{"start":{"line":60,"column":68},"end":{"line":60,"column":81}},"36":{"start":{"line":64,"column":12},"end":{"line":68,"column":13}},"37":{"start":{"line":65,"column":16},"end":{"line":65,"column":72}},"38":{"start":{"line":65,"column":59},"end":{"line":65,"column":72}},"39":{"start":{"line":67,"column":16},"end":{"line":67,"column":50}},"40":{"start":{"line":67,"column":37},"end":{"line":67,"column":50}},"41":{"start":{"line":74,"column":4},"end":{"line":84,"column":5}},"42":{"start":{"line":75,"column":8},"end":{"line":77,"column":9}},"43":{"start":{"line":75,"column":21},"end":{"line":75,"column":22}},"44":{"start":{"line":76,"column":12},"end":{"line":76,"column":68}},"45":{"start":{"line":76,"column":55},"end":{"line":76,"column":68}},"46":{"start":{"line":79,"column":8},"end":{"line":83,"column":9}},"47":{"start":{"line":80,"column":12},"end":{"line":82,"column":13}},"48":{"start":{"line":81,"column":16},"end":{"line":81,"column":76}},"49":{"start":{"line":81,"column":63},"end":{"line":81,"column":76}},"50":{"start":{"line":87,"column":4},"end":{"line":87,"column":16}},"51":{"start":{"line":91,"column":0},"end":{"line":91,"column":30}},"52":{"start":{"line":92,"column":0},"end":{"line":92,"column":32}},"53":{"start":{"line":94,"column":18},"end":{"line":94,"column":30}},"54":{"start":{"line":95,"column":18},"end":{"line":95,"column":30}},"55":{"start":{"line":96,"column":16},"end":{"line":96,"column":25}},"56":{"start":{"line":118,"column":0},"end":{"line":126,"column":1}}},"fnMap":{"0":{"name":"(anonymous_0)","decl":{"start":{"line":1,"column":19},"end":{"line":1,"column":20}},"loc":{"start":{"line":1,"column":28},"end":{"line":5,"column":1}},"line":1},"1":{"name":"(anonymous_1)","decl":{"start":{"line":7,"column":16},"end":{"line":7,"column":17}},"loc":{"start":{"line":7,"column":23},"end":{"line":14,"column":3}},"line":7},"2":{"name":"(anonymous_2)","decl":{"start":{"line":16,"column":16},"end":{"line":16,"column":17}},"loc":{"start":{"line":16,"column":28},"end":{"line":26,"column":3}},"line":16},"3":{"name":"(anonymous_3)","decl":{"start":{"line":18,"column":19},"end":{"line":18,"column":20}},"loc":{"start":{"line":18,"column":26},"end":{"line":24,"column":5}},"line":18},"4":{"name":"(anonymous_4)","decl":{"start":{"line":29,"column":16},"end":{"line":29,"column":17}},"loc":{"start":{"line":29,"column":34},"end":{"line":89,"column":1}},"line":29},"5":{"name":"(anonymous_5)","decl":{"start":{"line":46,"column":18},"end":{"line":46,"column":19}},"loc":{"start":{"line":46,"column":42},"end":{"line":71,"column":5}},"line":46}},"branchMap":{"0":{"loc":{"start":{"line":20,"column":8},"end":{"line":22,"column":9}},"type":"if","locations":[{"start":{"line":20,"column":8},"end":{"line":22,"column":9}},{"start":{"line":20,"column":8},"end":{"line":22,"column":9}}],"line":20},"1":{"loc":{"start":{"line":35,"column":4},"end":{"line":35,"column":69}},"type":"if","locations":[{"start":{"line":35,"column":4},"end":{"line":35,"column":69}},{"start":{"line":35,"column":4},"end":{"line":35,"column":69}}],"line":35},"2":{"loc":{"start":{"line":38,"column":4},"end":{"line":38,"column":78}},"type":"if","locations":[{"start":{"line":38,"column":4},"end":{"line":38,"column":78}},{"start":{"line":38,"column":4},"end":{"line":38,"column":78}}],"line":38},"3":{"loc":{"start":{"line":41,"column":19},"end":{"line":41,"column":87}},"type":"cond-expr","locations":[{"start":{"line":41,"column":47},"end":{"line":41,"column":59}},{"start":{"line":41,"column":62},"end":{"line":41,"column":87}}],"line":41},"4":{"loc":{"start":{"line":42,"column":19},"end":{"line":42,"column":87}},"type":"cond-expr","locations":[{"start":{"line":42,"column":47},"end":{"line":42,"column":59}},{"start":{"line":42,"column":62},"end":{"line":42,"column":87}}],"line":42},"5":{"loc":{"start":{"line":43,"column":4},"end":{"line":43,"column":44}},"type":"if","locations":[{"start":{"line":43,"column":4},"end":{"line":43,"column":44}},{"start":{"line":43,"column":4},"end":{"line":43,"column":44}}],"line":43},"6":{"loc":{"start":{"line":52,"column":8},"end":{"line":70,"column":9}},"type":"if","locations":[{"start":{"line":52,"column":8},"end":{"line":70,"column":9}},{"start":{"line":52,"column":8},"end":{"line":70,"column":9}}],"line":52},"7":{"loc":{"start":{"line":53,"column":12},"end":{"line":53,"column":53}},"type":"if","locations":[{"start":{"line":53,"column":12},"end":{"line":53,"column":53}},{"start":{"line":53,"column":12},"end":{"line":53,"column":53}}],"line":53},"8":{"loc":{"start":{"line":60,"column":12},"end":{"line":60,"column":81}},"type":"if","locations":[{"start":{"line":60,"column":12},"end":{"line":60,"column":81}},{"start":{"line":60,"column":12},"end":{"line":60,"column":81}}],"line":60},"9":{"loc":{"start":{"line":64,"column":12},"end":{"line":68,"column":13}},"type":"if","locations":[{"start":{"line":64,"column":12},"end":{"line":68,"column":13}},{"start":{"line":64,"column":12},"end":{"line":68,"column":13}}],"line":64},"10":{"loc":{"start":{"line":65,"column":16},"end":{"line":65,"column":72}},"type":"if","locations":[{"start":{"line":65,"column":16},"end":{"line":65,"column":72}},{"start":{"line":65,"column":16},"end":{"line":65,"column":72}}],"line":65},"11":{"loc":{"start":{"line":67,"column":16},"end":{"line":67,"column":50}},"type":"if","locations":[{"start":{"line":67,"column":16},"end":{"line":67,"column":50}},{"start":{"line":67,"column":16},"end":{"line":67,"column":50}}],"line":67},"12":{"loc":{"start":{"line":74,"column":4},"end":{"line":84,"column":5}},"type":"if","locations":[{"start":{"line":74,"column":4},"end":{"line":84,"column":5}},{"start":{"line":74,"column":4},"end":{"line":84,"column":5}}],"line":74},"13":{"loc":{"start":{"line":76,"column":12},"end":{"line":76,"column":68}},"type":"if","locations":[{"start":{"line":76,"column":12},"end":{"line":76,"column":68}},{"start":{"line":76,"column":12},"end":{"line":76,"column":68}}],"line":76},"14":{"loc":{"start":{"line":80,"column":12},"end":{"line":82,"column":13}},"type":"if","locations":[{"start":{"line":80,"column":12},"end":{"line":82,"column":13}},{"start":{"line":80,"column":12},"end":{"line":82,"column":13}}],"line":80},"15":{"loc":{"start":{"line":81,"column":16},"end":{"line":81,"column":76}},"type":"if","locations":[{"start":{"line":81,"column":16},"end":{"line":81,"column":76}},{"start":{"line":81,"column":16},"end":{"line":81,"column":76}}],"line":81}},"s":{"0":1,"1":4,"2":4,"3":4,"4":1,"5":2,"6":2,"7":2,"8":45,"9":45,"10":2,"11":1,"12":0,"13":0,"14":0,"15":0,"16":0,"17":0,"18":0,"19":1,"20":0,"21":0,"22":0,"23":0,"24":0,"25":0,"26":0,"27":0,"28":0,"29":0,"30":0,"31":0,"32":0,"33":0,"34":0,"35":0,"36":0,"37":0,"38":0,"39":0,"40":0,"41":0,"42":0,"43":0,"44":0,"45":0,"46":0,"47":0,"48":0,"49":0,"50":0,"51":1,"52":1,"53":1,"54":1,"55":1,"56":1},"f":{"0":4,"1":2,"2":0,"3":0,"4":0,"5":0},"b":{"0":[0,0],"1":[0,0],"2":[0,0],"3":[0,0],"4":[0,0],"5":[0,0],"6":[0,0],"7":[0,0],"8":[0,0],"9":[0,0],"10":[0,0],"11":[0,0],"12":[0,0],"13":[0,0],"14":[0,0],"15":[0,0]},"_coverageSchema":"43e27e138ebf9cfc5966b082cf9a028302ed4184","hash":"edf0871d423db6234878e46084217fbb6d8be89e","contentHash":"01c1ea1b902bde65a1086cd547a479e1af71f9dbfdd237311b2882367c2ed604"},"/Users/alpuchilo/Documents/GitHub/js-amino/src/reflect.js":{"path":"/Users/alpuchilo/Documents/GitHub/js-amino/src/reflect.js","statementMap":{"0":{"start":{"line":4,"column":4},"end":{"line":4,"column":22}},"1":{"start":{"line":5,"column":14},"end":{"line":5,"column":38}},"2":{"start":{"line":7,"column":15},"end":{"line":20,"column":1}},"3":{"start":{"line":8,"column":4},"end":{"line":10,"column":5}},"4":{"start":{"line":9,"column":8},"end":{"line":9,"column":42}},"5":{"start":{"line":11,"column":4},"end":{"line":11,"column":49}},"6":{"start":{"line":11,"column":28},"end":{"line":11,"column":49}},"7":{"start":{"line":13,"column":4},"end":{"line":17,"column":5}},"8":{"start":{"line":14,"column":8},"end":{"line":14,"column":81}},"9":{"start":{"line":14,"column":55},"end":{"line":14,"column":81}},"10":{"start":{"line":15,"column":8},"end":{"line":15,"column":41}},"11":{"start":{"line":19,"column":4},"end":{"line":19,"column":27}},"12":{"start":{"line":22,"column":16},"end":{"line":28,"column":1}},"13":{"start":{"line":23,"column":4},"end":{"line":23,"column":56}},"14":{"start":{"line":23,"column":47},"end":{"line":23,"column":56}},"15":{"start":{"line":24,"column":4},"end":{"line":27,"column":6}},"16":{"start":{"line":25,"column":18},"end":{"line":25,"column":38}},"17":{"start":{"line":26,"column":8},"end":{"line":26,"column":46}},"18":{"start":{"line":30,"column":19},"end":{"line":68,"column":1}},"19":{"start":{"line":31,"column":4},"end":{"line":67,"column":5}},"20":{"start":{"line":33,"column":12},"end":{"line":33,"column":38}},"21":{"start":{"line":37,"column":12},"end":{"line":37,"column":38}},"22":{"start":{"line":39,"column":12},"end":{"line":39,"column":38}},"23":{"start":{"line":42,"column":12},"end":{"line":42,"column":38}},"24":{"start":{"line":44,"column":12},"end":{"line":48,"column":13}},"25":{"start":{"line":45,"column":16},"end":{"line":45,"column":41}},"26":{"start":{"line":47,"column":16},"end":{"line":47,"column":38}},"27":{"start":{"line":50,"column":12},"end":{"line":54,"column":13}},"28":{"start":{"line":51,"column":16},"end":{"line":51,"column":41}},"29":{"start":{"line":53,"column":16},"end":{"line":53,"column":38}},"30":{"start":{"line":59,"column":12},"end":{"line":59,"column":34}},"31":{"start":{"line":65,"column":12},"end":{"line":65,"column":42}},"32":{"start":{"line":66,"column":12},"end":{"line":66,"column":62}},"33":{"start":{"line":70,"column":0},"end":{"line":74,"column":1}}},"fnMap":{"0":{"name":"(anonymous_0)","decl":{"start":{"line":7,"column":15},"end":{"line":7,"column":16}},"loc":{"start":{"line":7,"column":27},"end":{"line":20,"column":1}},"line":7},"1":{"name":"(anonymous_1)","decl":{"start":{"line":22,"column":16},"end":{"line":22,"column":17}},"loc":{"start":{"line":22,"column":28},"end":{"line":28,"column":1}},"line":22},"2":{"name":"(anonymous_2)","decl":{"start":{"line":24,"column":44},"end":{"line":24,"column":45}},"loc":{"start":{"line":24,"column":51},"end":{"line":27,"column":5}},"line":24},"3":{"name":"(anonymous_3)","decl":{"start":{"line":30,"column":19},"end":{"line":30,"column":20}},"loc":{"start":{"line":30,"column":35},"end":{"line":68,"column":1}},"line":30}},"branchMap":{"0":{"loc":{"start":{"line":8,"column":4},"end":{"line":10,"column":5}},"type":"if","locations":[{"start":{"line":8,"column":4},"end":{"line":10,"column":5}},{"start":{"line":8,"column":4},"end":{"line":10,"column":5}}],"line":8},"1":{"loc":{"start":{"line":11,"column":4},"end":{"line":11,"column":49}},"type":"if","locations":[{"start":{"line":11,"column":4},"end":{"line":11,"column":49}},{"start":{"line":11,"column":4},"end":{"line":11,"column":49}}],"line":11},"2":{"loc":{"start":{"line":13,"column":4},"end":{"line":17,"column":5}},"type":"if","locations":[{"start":{"line":13,"column":4},"end":{"line":17,"column":5}},{"start":{"line":13,"column":4},"end":{"line":17,"column":5}}],"line":13},"3":{"loc":{"start":{"line":14,"column":8},"end":{"line":14,"column":81}},"type":"if","locations":[{"start":{"line":14,"column":8},"end":{"line":14,"column":81}},{"start":{"line":14,"column":8},"end":{"line":14,"column":81}}],"line":14},"4":{"loc":{"start":{"line":23,"column":4},"end":{"line":23,"column":56}},"type":"if","locations":[{"start":{"line":23,"column":4},"end":{"line":23,"column":56}},{"start":{"line":23,"column":4},"end":{"line":23,"column":56}}],"line":23},"5":{"loc":{"start":{"line":26,"column":15},"end":{"line":26,"column":46}},"type":"binary-expr","locations":[{"start":{"line":26,"column":15},"end":{"line":26,"column":26}},{"start":{"line":26,"column":30},"end":{"line":26,"column":46}}],"line":26},"6":{"loc":{"start":{"line":31,"column":4},"end":{"line":67,"column":5}},"type":"switch","locations":[{"start":{"line":32,"column":8},"end":{"line":33,"column":38}},{"start":{"line":34,"column":8},"end":{"line":34,"column":34}},{"start":{"line":35,"column":8},"end":{"line":35,"column":29}},{"start":{"line":36,"column":8},"end":{"line":37,"column":38}},{"start":{"line":38,"column":8},"end":{"line":39,"column":38}},{"start":{"line":40,"column":8},"end":{"line":42,"column":38}},{"start":{"line":43,"column":8},"end":{"line":48,"column":13}},{"start":{"line":49,"column":8},"end":{"line":54,"column":13}},{"start":{"line":55,"column":8},"end":{"line":55,"column":24}},{"start":{"line":56,"column":8},"end":{"line":56,"column":27}},{"start":{"line":57,"column":8},"end":{"line":57,"column":24}},{"start":{"line":58,"column":8},"end":{"line":59,"column":34}},{"start":{"line":64,"column":8},"end":{"line":66,"column":62}}],"line":31},"7":{"loc":{"start":{"line":44,"column":12},"end":{"line":48,"column":13}},"type":"if","locations":[{"start":{"line":44,"column":12},"end":{"line":48,"column":13}},{"start":{"line":44,"column":12},"end":{"line":48,"column":13}}],"line":44},"8":{"loc":{"start":{"line":50,"column":12},"end":{"line":54,"column":13}},"type":"if","locations":[{"start":{"line":50,"column":12},"end":{"line":54,"column":13}},{"start":{"line":50,"column":12},"end":{"line":54,"column":13}}],"line":50}},"s":{"0":1,"1":1,"2":1,"3":38,"4":0,"5":38,"6":0,"7":38,"8":19,"9":0,"10":19,"11":19,"12":1,"13":34,"14":20,"15":14,"16":43,"17":43,"18":1,"19":25,"20":1,"21":5,"22":7,"23":0,"24":5,"25":1,"26":4,"27":3,"28":1,"29":2,"30":4,"31":0,"32":0,"33":1},"f":{"0":38,"1":34,"2":43,"3":25},"b":{"0":[0,38],"1":[0,38],"2":[19,19],"3":[0,19],"4":[20,14],"5":[43,14],"6":[1,0,1,5,7,0,5,3,0,0,2,4,0],"7":[1,4],"8":[1,2]},"_coverageSchema":"43e27e138ebf9cfc5966b082cf9a028302ed4184","hash":"956723eb8046170bfe595bb9150793152337b6b5","contentHash":"10b3840b0401cb87b52d0f46b73859dd8972ec3dec7e491bc951dcc008c622c1"},"/Users/alpuchilo/Documents/GitHub/js-amino/src/types.js":{"path":"/Users/alpuchilo/Documents/GitHub/js-amino/src/types.js","statementMap":{"0":{"start":{"line":1,"column":14},"end":{"line":14,"column":1}},"1":{"start":{"line":17,"column":15},"end":{"line":22,"column":1}},"2":{"start":{"line":24,"column":16},"end":{"line":37,"column":1}},"3":{"start":{"line":39,"column":0},"end":{"line":48,"column":1}},"4":{"start":{"line":40,"column":20},"end":{"line":40,"column":24}},"5":{"start":{"line":41,"column":4},"end":{"line":46,"column":6}},"6":{"start":{"line":42,"column":8},"end":{"line":45,"column":9}},"7":{"start":{"line":43,"column":12},"end":{"line":43,"column":27}},"8":{"start":{"line":44,"column":12},"end":{"line":44,"column":19}},"9":{"start":{"line":47,"column":4},"end":{"line":47,"column":20}},"10":{"start":{"line":50,"column":0},"end":{"line":59,"column":1}},"11":{"start":{"line":51,"column":20},"end":{"line":51,"column":24}},"12":{"start":{"line":52,"column":4},"end":{"line":57,"column":6}},"13":{"start":{"line":53,"column":8},"end":{"line":56,"column":9}},"14":{"start":{"line":54,"column":12},"end":{"line":54,"column":27}},"15":{"start":{"line":55,"column":12},"end":{"line":55,"column":19}},"16":{"start":{"line":58,"column":4},"end":{"line":58,"column":20}},"17":{"start":{"line":61,"column":0},"end":{"line":65,"column":1}}},"fnMap":{"0":{"name":"(anonymous_0)","decl":{"start":{"line":39,"column":18},"end":{"line":39,"column":19}},"loc":{"start":{"line":39,"column":28},"end":{"line":48,"column":1}},"line":39},"1":{"name":"(anonymous_1)","decl":{"start":{"line":41,"column":38},"end":{"line":41,"column":39}},"loc":{"start":{"line":41,"column":45},"end":{"line":46,"column":5}},"line":41},"2":{"name":"(anonymous_2)","decl":{"start":{"line":50,"column":17},"end":{"line":50,"column":18}},"loc":{"start":{"line":50,"column":29},"end":{"line":59,"column":1}},"line":50},"3":{"name":"(anonymous_3)","decl":{"start":{"line":52,"column":37},"end":{"line":52,"column":38}},"loc":{"start":{"line":52,"column":44},"end":{"line":57,"column":5}},"line":52}},"branchMap":{"0":{"loc":{"start":{"line":42,"column":8},"end":{"line":45,"column":9}},"type":"if","locations":[{"start":{"line":42,"column":8},"end":{"line":45,"column":9}},{"start":{"line":42,"column":8},"end":{"line":45,"column":9}}],"line":42},"1":{"loc":{"start":{"line":53,"column":8},"end":{"line":56,"column":9}},"type":"if","locations":[{"start":{"line":53,"column":8},"end":{"line":56,"column":9}},{"start":{"line":53,"column":8},"end":{"line":56,"column":9}}],"line":53}},"s":{"0":1,"1":1,"2":1,"3":1,"4":0,"5":0,"6":0,"7":0,"8":0,"9":0,"10":1,"11":0,"12":0,"13":0,"14":0,"15":0,"16":0,"17":1},"f":{"0":0,"1":0,"2":0,"3":0},"b":{"0":[0,0],"1":[0,0]},"_coverageSchema":"43e27e138ebf9cfc5966b082cf9a028302ed4184","hash":"1dc016eaee4637380e345c2310e92d95ef04a148","contentHash":"fc99a19ac734d9f42cc65a467360f9a8feccba540b100444bb7f1b7ed92ed19e"},"/Users/alpuchilo/Documents/GitHub/js-amino/src/typeFactory.js":{"path":"/Users/alpuchilo/Documents/GitHub/js-amino/src/typeFactory.js","statementMap":{"0":{"start":{"line":4,"column":4},"end":{"line":4,"column":22}},"1":{"start":{"line":6,"column":19},"end":{"line":6,"column":39}},"2":{"start":{"line":9,"column":18},"end":{"line":9,"column":42}},"3":{"start":{"line":11,"column":17},"end":{"line":11,"column":28}},"4":{"start":{"line":13,"column":18},"end":{"line":15,"column":1}},"5":{"start":{"line":14,"column":4},"end":{"line":14,"column":36}},"6":{"start":{"line":18,"column":21},"end":{"line":20,"column":1}},"7":{"start":{"line":25,"column":8},"end":{"line":25,"column":38}},"8":{"start":{"line":30,"column":8},"end":{"line":30,"column":91}},"9":{"start":{"line":30,"column":41},"end":{"line":30,"column":91}},"10":{"start":{"line":31,"column":8},"end":{"line":31,"column":41}},"11":{"start":{"line":35,"column":8},"end":{"line":35,"column":42}},"12":{"start":{"line":41,"column":13},"end":{"line":167,"column":1}},"13":{"start":{"line":43,"column":4},"end":{"line":45,"column":5}},"14":{"start":{"line":44,"column":8},"end":{"line":44,"column":53}},"15":{"start":{"line":46,"column":4},"end":{"line":48,"column":5}},"16":{"start":{"line":47,"column":8},"end":{"line":47,"column":51}},"17":{"start":{"line":53,"column":19},"end":{"line":157,"column":5}},"18":{"start":{"line":58,"column":16},"end":{"line":58,"column":23}},"19":{"start":{"line":59,"column":26},"end":{"line":59,"column":27}},"20":{"start":{"line":60,"column":16},"end":{"line":79,"column":18}},"21":{"start":{"line":61,"column":20},"end":{"line":78,"column":22}},"22":{"start":{"line":63,"column":24},"end":{"line":77,"column":25}},"23":{"start":{"line":65,"column":28},"end":{"line":65,"column":57}},"24":{"start":{"line":66,"column":31},"end":{"line":77,"column":25}},"25":{"start":{"line":67,"column":28},"end":{"line":67,"column":64}},"26":{"start":{"line":68,"column":28},"end":{"line":76,"column":29}},"27":{"start":{"line":69,"column":32},"end":{"line":75,"column":33}},"28":{"start":{"line":74,"column":36},"end":{"line":74,"column":114}},"29":{"start":{"line":80,"column":16},"end":{"line":90,"column":17}},"30":{"start":{"line":81,"column":20},"end":{"line":89,"column":22}},"31":{"start":{"line":82,"column":24},"end":{"line":84,"column":25}},"32":{"start":{"line":83,"column":28},"end":{"line":83,"column":89}},"33":{"start":{"line":95,"column":16},"end":{"line":95,"column":33}},"34":{"start":{"line":99,"column":16},"end":{"line":99,"column":35}},"35":{"start":{"line":103,"column":16},"end":{"line":103,"column":65}},"36":{"start":{"line":107,"column":16},"end":{"line":107,"column":65}},"37":{"start":{"line":120,"column":16},"end":{"line":120,"column":64}},"38":{"start":{"line":124,"column":26},"end":{"line":124,"column":28}},"39":{"start":{"line":126,"column":16},"end":{"line":150,"column":18}},"40":{"start":{"line":127,"column":37},"end":{"line":127,"column":53}},"41":{"start":{"line":128,"column":20},"end":{"line":149,"column":21}},"42":{"start":{"line":129,"column":24},"end":{"line":147,"column":25}},"43":{"start":{"line":130,"column":28},"end":{"line":130,"column":41}},"44":{"start":{"line":131,"column":41},"end":{"line":131,"column":50}},"45":{"start":{"line":132,"column":28},"end":{"line":139,"column":30}},"46":{"start":{"line":133,"column":32},"end":{"line":138,"column":33}},"47":{"start":{"line":134,"column":36},"end":{"line":134,"column":68}},"48":{"start":{"line":136,"column":36},"end":{"line":136,"column":63}},"49":{"start":{"line":137,"column":36},"end":{"line":137,"column":57}},"50":{"start":{"line":141,"column":28},"end":{"line":145,"column":29}},"51":{"start":{"line":142,"column":32},"end":{"line":142,"column":52}},"52":{"start":{"line":144,"column":32},"end":{"line":144,"column":63}},"53":{"start":{"line":151,"column":16},"end":{"line":151,"column":27}},"54":{"start":{"line":159,"column":4},"end":{"line":159,"column":30}},"55":{"start":{"line":160,"column":4},"end":{"line":160,"column":56}},"56":{"start":{"line":161,"column":4},"end":{"line":161,"column":53}},"57":{"start":{"line":162,"column":4},"end":{"line":162,"column":53}},"58":{"start":{"line":165,"column":4},"end":{"line":165,"column":30}},"59":{"start":{"line":169,"column":0},"end":{"line":172,"column":1}},"60":{"start":{"line":175,"column":0},"end":{"line":206,"column":1}},"61":{"start":{"line":176,"column":12},"end":{"line":184,"column":6}},"62":{"start":{"line":186,"column":12},"end":{"line":194,"column":6}},"63":{"start":{"line":198,"column":15},"end":{"line":198,"column":30}},"64":{"start":{"line":199,"column":14},"end":{"line":199,"column":29}},"65":{"start":{"line":202,"column":4},"end":{"line":202,"column":39}}},"fnMap":{"0":{"name":"(anonymous_0)","decl":{"start":{"line":13,"column":18},"end":{"line":13,"column":19}},"loc":{"start":{"line":13,"column":26},"end":{"line":15,"column":1}},"line":13},"1":{"name":"(anonymous_1)","decl":{"start":{"line":24,"column":4},"end":{"line":24,"column":5}},"loc":{"start":{"line":24,"column":18},"end":{"line":27,"column":5}},"line":24},"2":{"name":"(anonymous_2)","decl":{"start":{"line":29,"column":4},"end":{"line":29,"column":5}},"loc":{"start":{"line":29,"column":20},"end":{"line":32,"column":5}},"line":29},"3":{"name":"(anonymous_3)","decl":{"start":{"line":34,"column":4},"end":{"line":34,"column":5}},"loc":{"start":{"line":34,"column":17},"end":{"line":36,"column":5}},"line":34},"4":{"name":"(anonymous_4)","decl":{"start":{"line":41,"column":13},"end":{"line":41,"column":14}},"loc":{"start":{"line":41,"column":61},"end":{"line":167,"column":1}},"line":41},"5":{"name":"(anonymous_5)","decl":{"start":{"line":57,"column":12},"end":{"line":57,"column":13}},"loc":{"start":{"line":57,"column":33},"end":{"line":92,"column":13}},"line":57},"6":{"name":"(anonymous_6)","decl":{"start":{"line":60,"column":35},"end":{"line":60,"column":36}},"loc":{"start":{"line":60,"column":43},"end":{"line":79,"column":17}},"line":60},"7":{"name":"(anonymous_7)","decl":{"start":{"line":61,"column":50},"end":{"line":61,"column":51}},"loc":{"start":{"line":61,"column":57},"end":{"line":78,"column":21}},"line":61},"8":{"name":"(anonymous_8)","decl":{"start":{"line":81,"column":46},"end":{"line":81,"column":47}},"loc":{"start":{"line":81,"column":67},"end":{"line":89,"column":21}},"line":81},"9":{"name":"(anonymous_9)","decl":{"start":{"line":94,"column":12},"end":{"line":94,"column":13}},"loc":{"start":{"line":94,"column":23},"end":{"line":96,"column":13}},"line":94},"10":{"name":"(anonymous_10)","decl":{"start":{"line":98,"column":12},"end":{"line":98,"column":13}},"loc":{"start":{"line":98,"column":23},"end":{"line":100,"column":13}},"line":98},"11":{"name":"(anonymous_11)","decl":{"start":{"line":102,"column":12},"end":{"line":102,"column":13}},"loc":{"start":{"line":102,"column":23},"end":{"line":104,"column":13}},"line":102},"12":{"name":"(anonymous_12)","decl":{"start":{"line":106,"column":12},"end":{"line":106,"column":13}},"loc":{"start":{"line":106,"column":28},"end":{"line":108,"column":13}},"line":106},"13":{"name":"(anonymous_13)","decl":{"start":{"line":119,"column":12},"end":{"line":119,"column":13}},"loc":{"start":{"line":119,"column":23},"end":{"line":121,"column":13}},"line":119},"14":{"name":"(anonymous_14)","decl":{"start":{"line":123,"column":12},"end":{"line":123,"column":13}},"loc":{"start":{"line":123,"column":23},"end":{"line":152,"column":13}},"line":123},"15":{"name":"(anonymous_15)","decl":{"start":{"line":126,"column":46},"end":{"line":126,"column":47}},"loc":{"start":{"line":126,"column":55},"end":{"line":150,"column":17}},"line":126},"16":{"name":"(anonymous_16)","decl":{"start":{"line":132,"column":43},"end":{"line":132,"column":44}},"loc":{"start":{"line":132,"column":59},"end":{"line":139,"column":29}},"line":132}},"branchMap":{"0":{"loc":{"start":{"line":30,"column":8},"end":{"line":30,"column":91}},"type":"if","locations":[{"start":{"line":30,"column":8},"end":{"line":30,"column":91}},{"start":{"line":30,"column":8},"end":{"line":30,"column":91}}],"line":30},"1":{"loc":{"start":{"line":41,"column":37},"end":{"line":41,"column":56}},"type":"default-arg","locations":[{"start":{"line":41,"column":44},"end":{"line":41,"column":56}}],"line":41},"2":{"loc":{"start":{"line":43,"column":4},"end":{"line":45,"column":5}},"type":"if","locations":[{"start":{"line":43,"column":4},"end":{"line":45,"column":5}},{"start":{"line":43,"column":4},"end":{"line":45,"column":5}}],"line":43},"3":{"loc":{"start":{"line":46,"column":4},"end":{"line":48,"column":5}},"type":"if","locations":[{"start":{"line":46,"column":4},"end":{"line":48,"column":5}},{"start":{"line":46,"column":4},"end":{"line":48,"column":5}}],"line":46},"4":{"loc":{"start":{"line":63,"column":24},"end":{"line":77,"column":25}},"type":"if","locations":[{"start":{"line":63,"column":24},"end":{"line":77,"column":25}},{"start":{"line":63,"column":24},"end":{"line":77,"column":25}}],"line":63},"5":{"loc":{"start":{"line":66,"column":31},"end":{"line":77,"column":25}},"type":"if","locations":[{"start":{"line":66,"column":31},"end":{"line":77,"column":25}},{"start":{"line":66,"column":31},"end":{"line":77,"column":25}}],"line":66},"6":{"loc":{"start":{"line":68,"column":28},"end":{"line":76,"column":29}},"type":"if","locations":[{"start":{"line":68,"column":28},"end":{"line":76,"column":29}},{"start":{"line":68,"column":28},"end":{"line":76,"column":29}}],"line":68},"7":{"loc":{"start":{"line":69,"column":32},"end":{"line":75,"column":33}},"type":"if","locations":[{"start":{"line":69,"column":32},"end":{"line":75,"column":33}},{"start":{"line":69,"column":32},"end":{"line":75,"column":33}}],"line":69},"8":{"loc":{"start":{"line":80,"column":16},"end":{"line":90,"column":17}},"type":"if","locations":[{"start":{"line":80,"column":16},"end":{"line":90,"column":17}},{"start":{"line":80,"column":16},"end":{"line":90,"column":17}}],"line":80},"9":{"loc":{"start":{"line":82,"column":24},"end":{"line":84,"column":25}},"type":"if","locations":[{"start":{"line":82,"column":24},"end":{"line":84,"column":25}},{"start":{"line":82,"column":24},"end":{"line":84,"column":25}}],"line":82},"10":{"loc":{"start":{"line":128,"column":20},"end":{"line":149,"column":21}},"type":"if","locations":[{"start":{"line":128,"column":20},"end":{"line":149,"column":21}},{"start":{"line":128,"column":20},"end":{"line":149,"column":21}}],"line":128},"11":{"loc":{"start":{"line":129,"column":24},"end":{"line":147,"column":25}},"type":"if","locations":[{"start":{"line":129,"column":24},"end":{"line":147,"column":25}},{"start":{"line":129,"column":24},"end":{"line":147,"column":25}}],"line":129},"12":{"loc":{"start":{"line":129,"column":28},"end":{"line":129,"column":97}},"type":"binary-expr","locations":[{"start":{"line":129,"column":28},"end":{"line":129,"column":59}},{"start":{"line":129,"column":63},"end":{"line":129,"column":97}}],"line":129},"13":{"loc":{"start":{"line":133,"column":32},"end":{"line":138,"column":33}},"type":"if","locations":[{"start":{"line":133,"column":32},"end":{"line":138,"column":33}},{"start":{"line":133,"column":32},"end":{"line":138,"column":33}}],"line":133},"14":{"loc":{"start":{"line":141,"column":28},"end":{"line":145,"column":29}},"type":"if","locations":[{"start":{"line":141,"column":28},"end":{"line":145,"column":29}},{"start":{"line":141,"column":28},"end":{"line":145,"column":29}}],"line":141},"15":{"loc":{"start":{"line":175,"column":0},"end":{"line":206,"column":1}},"type":"if","locations":[{"start":{"line":175,"column":0},"end":{"line":206,"column":1}},{"start":{"line":175,"column":0},"end":{"line":206,"column":1}}],"line":175}},"s":{"0":1,"1":1,"2":1,"3":1,"4":1,"5":34,"6":1,"7":18,"8":41,"9":0,"10":41,"11":72,"12":1,"13":12,"14":0,"15":12,"16":0,"17":12,"18":18,"19":18,"20":18,"21":41,"22":82,"23":41,"24":41,"25":41,"26":41,"27":9,"28":5,"29":18,"30":4,"31":12,"32":4,"33":0,"34":0,"35":16,"36":4,"37":12,"38":0,"39":0,"40":0,"41":0,"42":0,"43":0,"44":0,"45":0,"46":0,"47":0,"48":0,"49":0,"50":0,"51":0,"52":0,"53":0,"54":12,"55":12,"56":12,"57":12,"58":12,"59":1,"60":1,"61":0,"62":0,"63":0,"64":0,"65":0},"f":{"0":34,"1":18,"2":41,"3":72,"4":12,"5":18,"6":41,"7":82,"8":12,"9":0,"10":0,"11":16,"12":4,"13":12,"14":0,"15":0,"16":0},"b":{"0":[0,41],"1":[5],"2":[0,12],"3":[0,12],"4":[41,41],"5":[41,0],"6":[9,32],"7":[5,4],"8":[4,14],"9":[4,8],"10":[0,0],"11":[0,0],"12":[0,0],"13":[0,0],"14":[0,0],"15":[0,1]},"_coverageSchema":"43e27e138ebf9cfc5966b082cf9a028302ed4184","hash":"ba96405f157a4c0c8a63a4eb7629fd0983187051","contentHash":"46a20e847094a61af767923d5a1703fa32d11b061835beb6bfbf09d1197aa0d5"},"/Users/alpuchilo/Documents/GitHub/js-amino/src/binaryEncoder.js":{"path":"/Users/alpuchilo/Documents/GitHub/js-amino/src/binaryEncoder.js","statementMap":{"0":{"start":{"line":1,"column":19},"end":{"line":1,"column":39}},"1":{"start":{"line":2,"column":16},"end":{"line":2,"column":36}},"2":{"start":{"line":5,"column":4},"end":{"line":5,"column":22}},"3":{"start":{"line":8,"column":25},"end":{"line":10,"column":1}},"4":{"start":{"line":12,"column":21},"end":{"line":126,"column":1}},"5":{"start":{"line":14,"column":22},"end":{"line":14,"column":30}},"6":{"start":{"line":24,"column":4},"end":{"line":36,"column":5}},"7":{"start":{"line":25,"column":19},"end":{"line":25,"column":47}},"8":{"start":{"line":26,"column":8},"end":{"line":35,"column":9}},"9":{"start":{"line":27,"column":12},"end":{"line":27,"column":72}},"10":{"start":{"line":28,"column":15},"end":{"line":35,"column":9}},"11":{"start":{"line":29,"column":12},"end":{"line":34,"column":14}},"12":{"start":{"line":30,"column":32},"end":{"line":30,"column":52}},"13":{"start":{"line":31,"column":16},"end":{"line":31,"column":124}},"14":{"start":{"line":31,"column":39},"end":{"line":31,"column":124}},"15":{"start":{"line":32,"column":16},"end":{"line":32,"column":43}},"16":{"start":{"line":33,"column":16},"end":{"line":33,"column":23}},"17":{"start":{"line":38,"column":15},"end":{"line":38,"column":19}},"18":{"start":{"line":39,"column":4},"end":{"line":122,"column":5}},"19":{"start":{"line":43,"column":16},"end":{"line":43,"column":62}},"20":{"start":{"line":44,"column":16},"end":{"line":44,"column":22}},"21":{"start":{"line":49,"column":16},"end":{"line":49,"column":62}},"22":{"start":{"line":50,"column":16},"end":{"line":50,"column":22}},"23":{"start":{"line":55,"column":16},"end":{"line":59,"column":17}},"24":{"start":{"line":56,"column":20},"end":{"line":56,"column":59}},"25":{"start":{"line":58,"column":20},"end":{"line":58,"column":61}},"26":{"start":{"line":61,"column":16},"end":{"line":61,"column":22}},"27":{"start":{"line":66,"column":16},"end":{"line":70,"column":17}},"28":{"start":{"line":67,"column":20},"end":{"line":67,"column":59}},"29":{"start":{"line":69,"column":20},"end":{"line":69,"column":61}},"30":{"start":{"line":71,"column":16},"end":{"line":71,"column":22}},"31":{"start":{"line":80,"column":16},"end":{"line":80,"column":57}},"32":{"start":{"line":81,"column":16},"end":{"line":81,"column":22}},"33":{"start":{"line":85,"column":16},"end":{"line":85,"column":56}},"34":{"start":{"line":86,"column":16},"end":{"line":86,"column":22}},"35":{"start":{"line":91,"column":16},"end":{"line":91,"column":68}},"36":{"start":{"line":92,"column":16},"end":{"line":92,"column":22}},"37":{"start":{"line":96,"column":16},"end":{"line":96,"column":55}},"38":{"start":{"line":97,"column":16},"end":{"line":97,"column":22}},"39":{"start":{"line":102,"column":16},"end":{"line":102,"column":86}},"40":{"start":{"line":103,"column":16},"end":{"line":103,"column":22}},"41":{"start":{"line":108,"column":16},"end":{"line":108,"column":89}},"42":{"start":{"line":109,"column":16},"end":{"line":109,"column":22}},"43":{"start":{"line":114,"column":27},"end":{"line":114,"column":75}},"44":{"start":{"line":115,"column":16},"end":{"line":115,"column":28}},"45":{"start":{"line":119,"column":16},"end":{"line":119,"column":69}},"46":{"start":{"line":120,"column":16},"end":{"line":120,"column":22}},"47":{"start":{"line":124,"column":4},"end":{"line":124,"column":16}},"48":{"start":{"line":128,"column":30},"end":{"line":136,"column":1}},"49":{"start":{"line":129,"column":15},"end":{"line":129,"column":64}},"50":{"start":{"line":130,"column":4},"end":{"line":130,"column":44}},"51":{"start":{"line":131,"column":4},"end":{"line":133,"column":5}},"52":{"start":{"line":132,"column":8},"end":{"line":132,"column":62}},"53":{"start":{"line":134,"column":4},"end":{"line":134,"column":16}},"54":{"start":{"line":139,"column":27},"end":{"line":156,"column":1}},"55":{"start":{"line":140,"column":17},"end":{"line":140,"column":19}},"56":{"start":{"line":141,"column":4},"end":{"line":149,"column":6}},"57":{"start":{"line":142,"column":19},"end":{"line":142,"column":39}},"58":{"start":{"line":143,"column":25},"end":{"line":143,"column":29}},"59":{"start":{"line":144,"column":8},"end":{"line":144,"column":70}},"60":{"start":{"line":145,"column":8},"end":{"line":147,"column":9}},"61":{"start":{"line":146,"column":12},"end":{"line":146,"column":46}},"62":{"start":{"line":150,"column":4},"end":{"line":152,"column":5}},"63":{"start":{"line":151,"column":8},"end":{"line":151,"column":68}},"64":{"start":{"line":154,"column":4},"end":{"line":154,"column":18}},"65":{"start":{"line":160,"column":26},"end":{"line":174,"column":1}},"66":{"start":{"line":161,"column":21},"end":{"line":161,"column":25}},"67":{"start":{"line":162,"column":4},"end":{"line":171,"column":5}},"68":{"start":{"line":163,"column":8},"end":{"line":163,"column":75}},"69":{"start":{"line":164,"column":11},"end":{"line":171,"column":5}},"70":{"start":{"line":165,"column":8},"end":{"line":165,"column":63}},"71":{"start":{"line":167,"column":8},"end":{"line":167,"column":66}},"72":{"start":{"line":168,"column":8},"end":{"line":168,"column":54}},"73":{"start":{"line":168,"column":44},"end":{"line":168,"column":54}},"74":{"start":{"line":169,"column":26},"end":{"line":169,"column":102}},"75":{"start":{"line":170,"column":8},"end":{"line":170,"column":51}},"76":{"start":{"line":173,"column":4},"end":{"line":173,"column":21}},"77":{"start":{"line":176,"column":26},"end":{"line":193,"column":1}},"78":{"start":{"line":177,"column":17},"end":{"line":177,"column":19}},"79":{"start":{"line":179,"column":4},"end":{"line":188,"column":5}},"80":{"start":{"line":179,"column":17},"end":{"line":179,"column":18}},"81":{"start":{"line":180,"column":19},"end":{"line":180,"column":30}},"82":{"start":{"line":181,"column":26},"end":{"line":181,"column":115}},"83":{"start":{"line":182,"column":23},"end":{"line":182,"column":89}},"84":{"start":{"line":183,"column":19},"end":{"line":183,"column":60}},"85":{"start":{"line":184,"column":8},"end":{"line":187,"column":9}},"86":{"start":{"line":185,"column":12},"end":{"line":185,"column":43}},"87":{"start":{"line":186,"column":12},"end":{"line":186,"column":40}},"88":{"start":{"line":189,"column":4},"end":{"line":191,"column":5}},"89":{"start":{"line":190,"column":8},"end":{"line":190,"column":68}},"90":{"start":{"line":192,"column":4},"end":{"line":192,"column":18}},"91":{"start":{"line":195,"column":19},"end":{"line":208,"column":1}},"92":{"start":{"line":196,"column":17},"end":{"line":196,"column":19}},"93":{"start":{"line":197,"column":21},"end":{"line":197,"column":25}},"94":{"start":{"line":198,"column":4},"end":{"line":198,"column":42}},"95":{"start":{"line":199,"column":4},"end":{"line":199,"column":39}},"96":{"start":{"line":201,"column":4},"end":{"line":203,"column":5}},"97":{"start":{"line":202,"column":8},"end":{"line":202,"column":68}},"98":{"start":{"line":204,"column":22},"end":{"line":204,"column":108}},"99":{"start":{"line":205,"column":4},"end":{"line":205,"column":39}},"100":{"start":{"line":206,"column":4},"end":{"line":206,"column":17}},"101":{"start":{"line":212,"column":0},"end":{"line":214,"column":1}}},"fnMap":{"0":{"name":"(anonymous_0)","decl":{"start":{"line":12,"column":21},"end":{"line":12,"column":22}},"loc":{"start":{"line":12,"column":62},"end":{"line":126,"column":1}},"line":12},"1":{"name":"(anonymous_1)","decl":{"start":{"line":29,"column":25},"end":{"line":29,"column":26}},"loc":{"start":{"line":29,"column":32},"end":{"line":34,"column":13}},"line":29},"2":{"name":"(anonymous_2)","decl":{"start":{"line":128,"column":30},"end":{"line":128,"column":31}},"loc":{"start":{"line":128,"column":58},"end":{"line":136,"column":1}},"line":128},"3":{"name":"(anonymous_3)","decl":{"start":{"line":139,"column":27},"end":{"line":139,"column":28}},"loc":{"start":{"line":139,"column":62},"end":{"line":156,"column":1}},"line":139},"4":{"name":"(anonymous_4)","decl":{"start":{"line":141,"column":41},"end":{"line":141,"column":42}},"loc":{"start":{"line":141,"column":55},"end":{"line":149,"column":5}},"line":141},"5":{"name":"(anonymous_5)","decl":{"start":{"line":160,"column":26},"end":{"line":160,"column":27}},"loc":{"start":{"line":160,"column":61},"end":{"line":174,"column":1}},"line":160},"6":{"name":"(anonymous_6)","decl":{"start":{"line":176,"column":26},"end":{"line":176,"column":27}},"loc":{"start":{"line":176,"column":81},"end":{"line":193,"column":1}},"line":176},"7":{"name":"(anonymous_7)","decl":{"start":{"line":195,"column":19},"end":{"line":195,"column":20}},"loc":{"start":{"line":195,"column":48},"end":{"line":208,"column":1}},"line":195}},"branchMap":{"0":{"loc":{"start":{"line":12,"column":44},"end":{"line":12,"column":57}},"type":"default-arg","locations":[{"start":{"line":12,"column":53},"end":{"line":12,"column":57}}],"line":12},"1":{"loc":{"start":{"line":24,"column":4},"end":{"line":36,"column":5}},"type":"if","locations":[{"start":{"line":24,"column":4},"end":{"line":36,"column":5}},{"start":{"line":24,"column":4},"end":{"line":36,"column":5}}],"line":24},"2":{"loc":{"start":{"line":26,"column":8},"end":{"line":35,"column":9}},"type":"if","locations":[{"start":{"line":26,"column":8},"end":{"line":35,"column":9}},{"start":{"line":26,"column":8},"end":{"line":35,"column":9}}],"line":26},"3":{"loc":{"start":{"line":28,"column":15},"end":{"line":35,"column":9}},"type":"if","locations":[{"start":{"line":28,"column":15},"end":{"line":35,"column":9}},{"start":{"line":28,"column":15},"end":{"line":35,"column":9}}],"line":28},"4":{"loc":{"start":{"line":31,"column":16},"end":{"line":31,"column":124}},"type":"if","locations":[{"start":{"line":31,"column":16},"end":{"line":31,"column":124}},{"start":{"line":31,"column":16},"end":{"line":31,"column":124}}],"line":31},"5":{"loc":{"start":{"line":39,"column":4},"end":{"line":122,"column":5}},"type":"switch","locations":[{"start":{"line":41,"column":8},"end":{"line":45,"column":13}},{"start":{"line":47,"column":8},"end":{"line":51,"column":13}},{"start":{"line":53,"column":8},"end":{"line":62,"column":13}},{"start":{"line":64,"column":8},"end":{"line":72,"column":13}},{"start":{"line":78,"column":8},"end":{"line":82,"column":13}},{"start":{"line":83,"column":8},"end":{"line":87,"column":13}},{"start":{"line":89,"column":8},"end":{"line":93,"column":13}},{"start":{"line":94,"column":8},"end":{"line":98,"column":13}},{"start":{"line":100,"column":8},"end":{"line":104,"column":13}},{"start":{"line":106,"column":8},"end":{"line":110,"column":13}},{"start":{"line":112,"column":8},"end":{"line":116,"column":13}},{"start":{"line":117,"column":8},"end":{"line":121,"column":13}}],"line":39},"6":{"loc":{"start":{"line":55,"column":16},"end":{"line":59,"column":17}},"type":"if","locations":[{"start":{"line":55,"column":16},"end":{"line":59,"column":17}},{"start":{"line":55,"column":16},"end":{"line":59,"column":17}}],"line":55},"7":{"loc":{"start":{"line":66,"column":16},"end":{"line":70,"column":17}},"type":"if","locations":[{"start":{"line":66,"column":16},"end":{"line":70,"column":17}},{"start":{"line":66,"column":16},"end":{"line":70,"column":17}}],"line":66},"8":{"loc":{"start":{"line":131,"column":4},"end":{"line":133,"column":5}},"type":"if","locations":[{"start":{"line":131,"column":4},"end":{"line":133,"column":5}},{"start":{"line":131,"column":4},"end":{"line":133,"column":5}}],"line":131},"9":{"loc":{"start":{"line":139,"column":44},"end":{"line":139,"column":57}},"type":"default-arg","locations":[{"start":{"line":139,"column":53},"end":{"line":139,"column":57}}],"line":139},"10":{"loc":{"start":{"line":145,"column":8},"end":{"line":147,"column":9}},"type":"if","locations":[{"start":{"line":145,"column":8},"end":{"line":147,"column":9}},{"start":{"line":145,"column":8},"end":{"line":147,"column":9}}],"line":145},"11":{"loc":{"start":{"line":150,"column":4},"end":{"line":152,"column":5}},"type":"if","locations":[{"start":{"line":150,"column":4},"end":{"line":152,"column":5}},{"start":{"line":150,"column":4},"end":{"line":152,"column":5}}],"line":150},"12":{"loc":{"start":{"line":162,"column":4},"end":{"line":171,"column":5}},"type":"if","locations":[{"start":{"line":162,"column":4},"end":{"line":171,"column":5}},{"start":{"line":162,"column":4},"end":{"line":171,"column":5}}],"line":162},"13":{"loc":{"start":{"line":162,"column":8},"end":{"line":162,"column":65}},"type":"binary-expr","locations":[{"start":{"line":162,"column":8},"end":{"line":162,"column":33}},{"start":{"line":162,"column":37},"end":{"line":162,"column":65}}],"line":162},"14":{"loc":{"start":{"line":164,"column":11},"end":{"line":171,"column":5}},"type":"if","locations":[{"start":{"line":164,"column":11},"end":{"line":171,"column":5}},{"start":{"line":164,"column":11},"end":{"line":171,"column":5}}],"line":164},"15":{"loc":{"start":{"line":168,"column":8},"end":{"line":168,"column":54}},"type":"if","locations":[{"start":{"line":168,"column":8},"end":{"line":168,"column":54}},{"start":{"line":168,"column":8},"end":{"line":168,"column":54}}],"line":168},"16":{"loc":{"start":{"line":176,"column":54},"end":{"line":176,"column":67}},"type":"default-arg","locations":[{"start":{"line":176,"column":63},"end":{"line":176,"column":67}}],"line":176},"17":{"loc":{"start":{"line":176,"column":69},"end":{"line":176,"column":76}},"type":"default-arg","locations":[{"start":{"line":176,"column":75},"end":{"line":176,"column":76}}],"line":176},"18":{"loc":{"start":{"line":182,"column":23},"end":{"line":182,"column":89}},"type":"cond-expr","locations":[{"start":{"line":182,"column":59},"end":{"line":182,"column":74}},{"start":{"line":182,"column":77},"end":{"line":182,"column":89}}],"line":182},"19":{"loc":{"start":{"line":184,"column":8},"end":{"line":187,"column":9}},"type":"if","locations":[{"start":{"line":184,"column":8},"end":{"line":187,"column":9}},{"start":{"line":184,"column":8},"end":{"line":187,"column":9}}],"line":184},"20":{"loc":{"start":{"line":189,"column":4},"end":{"line":191,"column":5}},"type":"if","locations":[{"start":{"line":189,"column":4},"end":{"line":191,"column":5}},{"start":{"line":189,"column":4},"end":{"line":191,"column":5}}],"line":189},"21":{"loc":{"start":{"line":201,"column":4},"end":{"line":203,"column":5}},"type":"if","locations":[{"start":{"line":201,"column":4},"end":{"line":203,"column":5}},{"start":{"line":201,"column":4},"end":{"line":203,"column":5}}],"line":201}},"s":{"0":1,"1":1,"2":1,"3":1,"4":1,"5":37,"6":37,"7":27,"8":27,"9":0,"10":27,"11":7,"12":7,"13":7,"14":0,"15":7,"16":7,"17":37,"18":37,"19":3,"20":3,"21":3,"22":3,"23":4,"24":1,"25":3,"26":4,"27":6,"28":1,"29":5,"30":6,"31":0,"32":0,"33":8,"34":8,"35":7,"36":7,"37":2,"38":2,"39":0,"40":0,"41":1,"42":1,"43":3,"44":3,"45":0,"46":0,"47":34,"48":1,"49":3,"50":3,"51":3,"52":3,"53":3,"54":1,"55":7,"56":7,"57":22,"58":22,"59":22,"60":22,"61":22,"62":7,"63":2,"64":7,"65":1,"66":22,"67":22,"68":1,"69":21,"70":0,"71":21,"72":21,"73":0,"74":21,"75":21,"76":22,"77":1,"78":2,"79":2,"80":2,"81":4,"82":4,"83":4,"84":4,"85":4,"86":4,"87":4,"88":2,"89":0,"90":2,"91":1,"92":0,"93":0,"94":0,"95":0,"96":0,"97":0,"98":0,"99":0,"100":0,"101":1},"f":{"0":37,"1":7,"2":3,"3":7,"4":22,"5":22,"6":2,"7":0},"b":{"0":[9],"1":[27,10],"2":[0,27],"3":[7,20],"4":[0,7],"5":[3,3,4,6,0,8,7,2,0,1,3,0],"6":[1,3],"7":[1,5],"8":[3,0],"9":[0],"10":[22,0],"11":[2,5],"12":[1,21],"13":[22,21],"14":[0,21],"15":[0,21],"16":[0],"17":[1],"18":[2,2],"19":[4,0],"20":[0,2],"21":[0,0]},"_coverageSchema":"43e27e138ebf9cfc5966b082cf9a028302ed4184","hash":"f6b2f93b5e37783332abb04539e48b55a6007889","contentHash":"939c39780151acce584b987cb88edb0bf6e5edcaf83eb111b5eafb825a06db83"},"/Users/alpuchilo/Documents/GitHub/js-amino/src/encoder.js":{"path":"/Users/alpuchilo/Documents/GitHub/js-amino/src/encoder.js","statementMap":{"0":{"start":{"line":1,"column":13},"end":{"line":1,"column":30}},"1":{"start":{"line":2,"column":14},"end":{"line":2,"column":38}},"2":{"start":{"line":3,"column":12},"end":{"line":3,"column":28}},"3":{"start":{"line":4,"column":13},"end":{"line":4,"column":35}},"4":{"start":{"line":7,"column":4},"end":{"line":7,"column":26}},"5":{"start":{"line":8,"column":14},"end":{"line":8,"column":32}},"6":{"start":{"line":13,"column":4},"end":{"line":13,"column":22}},"7":{"start":{"line":15,"column":27},"end":{"line":18,"column":1}},"8":{"start":{"line":16,"column":14},"end":{"line":16,"column":35}},"9":{"start":{"line":17,"column":4},"end":{"line":17,"column":15}},"10":{"start":{"line":20,"column":22},"end":{"line":23,"column":1}},"11":{"start":{"line":21,"column":14},"end":{"line":21,"column":34}},"12":{"start":{"line":22,"column":4},"end":{"line":22,"column":15}},"13":{"start":{"line":25,"column":19},"end":{"line":27,"column":1}},"14":{"start":{"line":26,"column":4},"end":{"line":26,"column":36}},"15":{"start":{"line":29,"column":20},"end":{"line":31,"column":1}},"16":{"start":{"line":30,"column":4},"end":{"line":30,"column":36}},"17":{"start":{"line":33,"column":20},"end":{"line":38,"column":1}},"18":{"start":{"line":34,"column":17},"end":{"line":34,"column":35}},"19":{"start":{"line":35,"column":15},"end":{"line":35,"column":35}},"20":{"start":{"line":36,"column":4},"end":{"line":36,"column":35}},"21":{"start":{"line":37,"column":4},"end":{"line":37,"column":46}},"22":{"start":{"line":41,"column":20},"end":{"line":45,"column":1}},"23":{"start":{"line":42,"column":15},"end":{"line":42,"column":24}},"24":{"start":{"line":43,"column":4},"end":{"line":43,"column":38}},"25":{"start":{"line":44,"column":4},"end":{"line":44,"column":43}},"26":{"start":{"line":47,"column":20},"end":{"line":51,"column":1}},"27":{"start":{"line":48,"column":22},"end":{"line":48,"column":35}},"28":{"start":{"line":50,"column":4},"end":{"line":50,"column":58}},"29":{"start":{"line":53,"column":21},"end":{"line":55,"column":1}},"30":{"start":{"line":54,"column":4},"end":{"line":54,"column":54}},"31":{"start":{"line":57,"column":20},"end":{"line":59,"column":1}},"32":{"start":{"line":58,"column":4},"end":{"line":58,"column":31}},"33":{"start":{"line":61,"column":22},"end":{"line":64,"column":1}},"34":{"start":{"line":62,"column":4},"end":{"line":62,"column":36}},"35":{"start":{"line":62,"column":15},"end":{"line":62,"column":36}},"36":{"start":{"line":63,"column":4},"end":{"line":63,"column":25}},"37":{"start":{"line":66,"column":19},"end":{"line":90,"column":1}},"38":{"start":{"line":67,"column":15},"end":{"line":67,"column":17}},"39":{"start":{"line":68,"column":12},"end":{"line":68,"column":33}},"40":{"start":{"line":70,"column":4},"end":{"line":76,"column":5}},"41":{"start":{"line":71,"column":8},"end":{"line":73,"column":9}},"42":{"start":{"line":72,"column":12},"end":{"line":72,"column":102}},"43":{"start":{"line":74,"column":26},"end":{"line":74,"column":74}},"44":{"start":{"line":75,"column":8},"end":{"line":75,"column":51}},"45":{"start":{"line":88,"column":4},"end":{"line":88,"column":16}},"46":{"start":{"line":92,"column":33},"end":{"line":95,"column":1}},"47":{"start":{"line":93,"column":22},"end":{"line":93,"column":37}},"48":{"start":{"line":94,"column":4},"end":{"line":94,"column":36}},"49":{"start":{"line":98,"column":0},"end":{"line":110,"column":1}},"50":{"start":{"line":112,"column":0},"end":{"line":118,"column":1}},"51":{"start":{"line":113,"column":15},"end":{"line":113,"column":51}},"52":{"start":{"line":116,"column":17},"end":{"line":116,"column":33}},"53":{"start":{"line":117,"column":4},"end":{"line":117,"column":23}}},"fnMap":{"0":{"name":"(anonymous_0)","decl":{"start":{"line":15,"column":27},"end":{"line":15,"column":28}},"loc":{"start":{"line":15,"column":36},"end":{"line":18,"column":1}},"line":15},"1":{"name":"(anonymous_1)","decl":{"start":{"line":20,"column":22},"end":{"line":20,"column":23}},"loc":{"start":{"line":20,"column":31},"end":{"line":23,"column":1}},"line":20},"2":{"name":"(anonymous_2)","decl":{"start":{"line":25,"column":19},"end":{"line":25,"column":20}},"loc":{"start":{"line":25,"column":28},"end":{"line":27,"column":1}},"line":25},"3":{"name":"(anonymous_3)","decl":{"start":{"line":29,"column":20},"end":{"line":29,"column":21}},"loc":{"start":{"line":29,"column":29},"end":{"line":31,"column":1}},"line":29},"4":{"name":"(anonymous_4)","decl":{"start":{"line":33,"column":20},"end":{"line":33,"column":21}},"loc":{"start":{"line":33,"column":29},"end":{"line":38,"column":1}},"line":33},"5":{"name":"(anonymous_5)","decl":{"start":{"line":41,"column":20},"end":{"line":41,"column":21}},"loc":{"start":{"line":41,"column":29},"end":{"line":45,"column":1}},"line":41},"6":{"name":"(anonymous_6)","decl":{"start":{"line":47,"column":20},"end":{"line":47,"column":21}},"loc":{"start":{"line":47,"column":29},"end":{"line":51,"column":1}},"line":47},"7":{"name":"(anonymous_7)","decl":{"start":{"line":53,"column":21},"end":{"line":53,"column":22}},"loc":{"start":{"line":53,"column":30},"end":{"line":55,"column":1}},"line":53},"8":{"name":"(anonymous_8)","decl":{"start":{"line":57,"column":20},"end":{"line":57,"column":21}},"loc":{"start":{"line":57,"column":29},"end":{"line":59,"column":1}},"line":57},"9":{"name":"(anonymous_9)","decl":{"start":{"line":61,"column":22},"end":{"line":61,"column":23}},"loc":{"start":{"line":61,"column":31},"end":{"line":64,"column":1}},"line":61},"10":{"name":"(anonymous_10)","decl":{"start":{"line":66,"column":19},"end":{"line":66,"column":20}},"loc":{"start":{"line":66,"column":27},"end":{"line":90,"column":1}},"line":66},"11":{"name":"(anonymous_11)","decl":{"start":{"line":92,"column":33},"end":{"line":92,"column":34}},"loc":{"start":{"line":92,"column":48},"end":{"line":95,"column":1}},"line":92}},"branchMap":{"0":{"loc":{"start":{"line":62,"column":4},"end":{"line":62,"column":36}},"type":"if","locations":[{"start":{"line":62,"column":4},"end":{"line":62,"column":36}},{"start":{"line":62,"column":4},"end":{"line":62,"column":36}}],"line":62},"1":{"loc":{"start":{"line":70,"column":4},"end":{"line":76,"column":5}},"type":"if","locations":[{"start":{"line":70,"column":4},"end":{"line":76,"column":5}},{"start":{"line":70,"column":4},"end":{"line":76,"column":5}}],"line":70},"2":{"loc":{"start":{"line":71,"column":8},"end":{"line":73,"column":9}},"type":"if","locations":[{"start":{"line":71,"column":8},"end":{"line":73,"column":9}},{"start":{"line":71,"column":8},"end":{"line":73,"column":9}}],"line":71},"3":{"loc":{"start":{"line":71,"column":12},"end":{"line":71,"column":55}},"type":"binary-expr","locations":[{"start":{"line":71,"column":12},"end":{"line":71,"column":31}},{"start":{"line":71,"column":35},"end":{"line":71,"column":55}}],"line":71},"4":{"loc":{"start":{"line":112,"column":0},"end":{"line":118,"column":1}},"type":"if","locations":[{"start":{"line":112,"column":0},"end":{"line":118,"column":1}},{"start":{"line":112,"column":0},"end":{"line":118,"column":1}}],"line":112}},"s":{"0":1,"1":1,"2":1,"3":1,"4":1,"5":1,"6":1,"7":1,"8":6,"9":6,"10":1,"11":32,"12":32,"13":1,"14":0,"15":1,"16":0,"17":1,"18":1,"19":1,"20":1,"21":1,"22":1,"23":1,"24":1,"25":1,"26":1,"27":10,"28":10,"29":1,"30":8,"31":1,"32":0,"33":1,"34":0,"35":0,"36":0,"37":1,"38":0,"39":0,"40":0,"41":0,"42":0,"43":0,"44":0,"45":0,"46":1,"47":25,"48":25,"49":1,"50":1,"51":0,"52":0,"53":0},"f":{"0":6,"1":32,"2":0,"3":0,"4":1,"5":1,"6":10,"7":8,"8":0,"9":0,"10":0,"11":25},"b":{"0":[0,0],"1":[0,0],"2":[0,0],"3":[0,0],"4":[0,1]},"_coverageSchema":"43e27e138ebf9cfc5966b082cf9a028302ed4184","hash":"32568cc7183a9fa01978f76b01040c4d00b91eb2","contentHash":"697db1a13eb958e545341e8f00841c18310bd7b9a686f0f8e534db77e02605b5"},"/Users/alpuchilo/Documents/GitHub/js-amino/src/binaryDecoder.js":{"path":"/Users/alpuchilo/Documents/GitHub/js-amino/src/binaryDecoder.js","statementMap":{"0":{"start":{"line":1,"column":19},"end":{"line":1,"column":39}},"1":{"start":{"line":2,"column":16},"end":{"line":2,"column":36}},"2":{"start":{"line":3,"column":14},"end":{"line":3,"column":32}},"3":{"start":{"line":9,"column":4},"end":{"line":9,"column":22}},"4":{"start":{"line":11,"column":21},"end":{"line":82,"column":1}},"5":{"start":{"line":13,"column":22},"end":{"line":13,"column":26}},"6":{"start":{"line":15,"column":4},"end":{"line":75,"column":5}},"7":{"start":{"line":19,"column":16},"end":{"line":23,"column":17}},"8":{"start":{"line":20,"column":20},"end":{"line":20,"column":57}},"9":{"start":{"line":22,"column":20},"end":{"line":22,"column":59}},"10":{"start":{"line":25,"column":16},"end":{"line":25,"column":22}},"11":{"start":{"line":30,"column":16},"end":{"line":30,"column":54}},"12":{"start":{"line":31,"column":16},"end":{"line":31,"column":22}},"13":{"start":{"line":35,"column":16},"end":{"line":35,"column":52}},"14":{"start":{"line":36,"column":16},"end":{"line":36,"column":22}},"15":{"start":{"line":40,"column":16},"end":{"line":40,"column":76}},"16":{"start":{"line":41,"column":16},"end":{"line":41,"column":22}},"17":{"start":{"line":46,"column":16},"end":{"line":46,"column":94}},"18":{"start":{"line":47,"column":16},"end":{"line":47,"column":22}},"19":{"start":{"line":52,"column":16},"end":{"line":52,"column":97}},"20":{"start":{"line":53,"column":16},"end":{"line":53,"column":22}},"21":{"start":{"line":58,"column":16},"end":{"line":58,"column":53}},"22":{"start":{"line":59,"column":16},"end":{"line":59,"column":22}},"23":{"start":{"line":65,"column":16},"end":{"line":65,"column":88}},"24":{"start":{"line":66,"column":16},"end":{"line":66,"column":22}},"25":{"start":{"line":71,"column":16},"end":{"line":71,"column":69}},"26":{"start":{"line":72,"column":16},"end":{"line":72,"column":73}},"27":{"start":{"line":77,"column":4},"end":{"line":80,"column":5}},"28":{"start":{"line":85,"column":26},"end":{"line":120,"column":1}},"29":{"start":{"line":86,"column":22},"end":{"line":86,"column":26}},"30":{"start":{"line":87,"column":27},"end":{"line":87,"column":63}},"31":{"start":{"line":88,"column":22},"end":{"line":88,"column":23}},"32":{"start":{"line":89,"column":4},"end":{"line":114,"column":5}},"33":{"start":{"line":90,"column":8},"end":{"line":90,"column":76}},"34":{"start":{"line":91,"column":8},"end":{"line":91,"column":44}},"35":{"start":{"line":94,"column":27},"end":{"line":94,"column":60}},"36":{"start":{"line":95,"column":23},"end":{"line":95,"column":44}},"37":{"start":{"line":96,"column":27},"end":{"line":96,"column":84}},"38":{"start":{"line":97,"column":8},"end":{"line":104,"column":9}},"39":{"start":{"line":102,"column":12},"end":{"line":103,"column":63}},"40":{"start":{"line":106,"column":8},"end":{"line":109,"column":9}},"41":{"start":{"line":107,"column":12},"end":{"line":108,"column":51}},"42":{"start":{"line":110,"column":8},"end":{"line":110,"column":50}},"43":{"start":{"line":111,"column":8},"end":{"line":111,"column":68}},"44":{"start":{"line":112,"column":8},"end":{"line":112,"column":74}},"45":{"start":{"line":115,"column":4},"end":{"line":118,"column":5}},"46":{"start":{"line":122,"column":27},"end":{"line":158,"column":1}},"47":{"start":{"line":124,"column":22},"end":{"line":124,"column":23}},"48":{"start":{"line":126,"column":4},"end":{"line":134,"column":5}},"49":{"start":{"line":127,"column":26},"end":{"line":127,"column":51}},"50":{"start":{"line":128,"column":8},"end":{"line":128,"column":45}},"51":{"start":{"line":130,"column":8},"end":{"line":132,"column":9}},"52":{"start":{"line":131,"column":12},"end":{"line":131,"column":66}},"53":{"start":{"line":133,"column":8},"end":{"line":133,"column":46}},"54":{"start":{"line":138,"column":4},"end":{"line":149,"column":6}},"55":{"start":{"line":140,"column":19},"end":{"line":140,"column":39}},"56":{"start":{"line":144,"column":12},"end":{"line":144,"column":72}},"57":{"start":{"line":145,"column":8},"end":{"line":145,"column":28}},"58":{"start":{"line":146,"column":8},"end":{"line":146,"column":34}},"59":{"start":{"line":147,"colu
[...]
"column":4},"end":{"line":15,"column":94}}],"line":15},"2":{"loc":{"start":{"line":25,"column":4},"end":{"line":25,"column":105}},"type":"if","locations":[{"start":{"line":25,"column":4},"end":{"line":25,"column":105}},{"start":{"line":25,"column":4},"end":{"line":25,"column":105}}],"line":25},"3":{"loc":{"start":{"line":25,"column":8},"end":{"line":25,"column":39}},"type":"binary-expr","locations":[{"start":{"line":25,"column":8},"end":{"line":25,"column":14}},{"start":{"line":25,"column":18},"end":{"line":25,"column":39}}],"line":25},"4":{"loc":{"start":{"line":26,"column":4},"end":{"line":26,"column":94}},"type":"if","locations":[{"start":{"line":26,"column":4},"end":{"line":26,"column":94}},{"start":{"line":26,"column":4},"end":{"line":26,"column":94}}],"line":26},"5":{"loc":{"start":{"line":37,"column":4},"end":{"line":37,"column":78}},"type":"if","locations":[{"start":{"line":37,"column":4},"end":{"line":37,"column":78}},{"start":{"line":37,"column":4},"end":{"line":37,"column":78}}],"line":37},"6":{"loc":{"start":{"line":48,"column":4},"end":{"line":48,"column":79}},"type":"if","locations":[{"start":{"line":48,"column":4},"end":{"line":48,"column":79}},{"start":{"line":48,"column":4},"end":{"line":48,"column":79}}],"line":48},"7":{"loc":{"start":{"line":88,"column":4},"end":{"line":88,"column":111}},"type":"if","locations":[{"start":{"line":88,"column":4},"end":{"line":88,"column":111}},{"start":{"line":88,"column":4},"end":{"line":88,"column":111}}],"line":88},"8":{"loc":{"start":{"line":103,"column":4},"end":{"line":103,"column":73}},"type":"if","locations":[{"start":{"line":103,"column":4},"end":{"line":103,"column":73}},{"start":{"line":103,"column":4},"end":{"line":103,"column":73}}],"line":103},"9":{"loc":{"start":{"line":122,"column":0},"end":{"line":126,"column":1}},"type":"if","locations":[{"start":{"line":122,"column":0},"end":{"line":126,"column":1}},{"start":{"line":122,"column":0},"end":{"line":126,"column":1}}],"line":122}},"s":{"0":1,"1":1,"2":1,"3":1,"4":1,"5":1,"6":1,"7":0,"8":0,"9":0,"10":0,"11":0,"12":0,"13":1,"14":0,"15":0,"16":0,"17":0,"18":0,"19":0,"20":1,"21":0,"22":0,"23":0,"24":0,"25":0,"26":1,"27":0,"28":0,"29":0,"30":0,"31":0,"32":1,"33":0,"34":0,"35":0,"36":0,"37":1,"38":0,"39":0,"40":0,"41":1,"42":0,"43":0,"44":0,"45":0,"46":0,"47":0,"48":1,"49":0,"50":0,"51":0,"52":0,"53":0,"54":0,"55":1,"56":1,"57":0,"58":0},"f":{"0":0,"1":0,"2":0,"3":0,"4":0,"5":0,"6":0,"7":0},"b":{"0":[0,0],"1":[0,0],"2":[0,0],"3":[0,0],"4":[0,0],"5":[0,0],"6":[0,0],"7":[0,0],"8":[0,0],"9":[0,1]},"_coverageSchema":"43e27e138ebf9cfc5966b082cf9a028302ed4184","hash":"7095201bd409ad6eb6dd90cabef8c4dbec0f6153","contentHash":"72db4859e18addee049170af36070b3d43da2c036719e96c6ba57a30ef194849"},"/Users/alpuchilo/Documents/GitHub/js-amino/src/jsonEncoder.js":{"path":"/Users/alpuchilo/Documents/GitHub/js-amino/src/jsonEncoder.js","statementMap":{"0":{"start":{"line":1,"column":19},"end":{"line":1,"column":39}},"1":{"start":{"line":4,"column":4},"end":{"line":4,"column":22}},"2":{"start":{"line":5,"column":17},"end":{"line":5,"column":39}},"3":{"start":{"line":7,"column":19},"end":{"line":71,"column":1}},"4":{"start":{"line":9,"column":22},"end":{"line":9,"column":30}},"5":{"start":{"line":12,"column":4},"end":{"line":22,"column":5}},"6":{"start":{"line":13,"column":19},"end":{"line":13,"column":47}},"7":{"start":{"line":14,"column":8},"end":{"line":21,"column":9}},"8":{"start":{"line":15,"column":12},"end":{"line":20,"column":14}},"9":{"start":{"line":16,"column":32},"end":{"line":16,"column":52}},"10":{"start":{"line":17,"column":16},"end":{"line":17,"column":87}},"11":{"start":{"line":17,"column":39},"end":{"line":17,"column":87}},"12":{"start":{"line":18,"column":16},"end":{"line":18,"column":43}},"13":{"start":{"line":19,"column":16},"end":{"line":19,"column":23}},"14":{"start":{"line":24,"column":4},"end":{"line":70,"column":5}},"15":{"start":{"line":30,"column":16},"end":{"line":30,"column":34}},"16":{"start":{"line":37,"column":16},"end":{"line":37,"column":45}},"17":{"start":{"line":41,"column":16},"end":{"line":41,"column":34}},"18":{"start":{"line":46,"column":16},"end":{"line":46,"column":52}},"19":{"start":{"line":50,"column":16},"end":{"line":50,"column":51}},"20":{"start":{"line":55,"column":16},"end":{"line":55,"column":70}},"21":{"start":{"line":59,"column":16},"end":{"line":59,"column":73}},"22":{"start":{"line":63,"column":16},"end":{"line":63,"column":55}},"23":{"start":{"line":67,"column":16},"end":{"line":67,"column":69}},"24":{"start":{"line":68,"column":16},"end":{"line":68,"column":22}},"25":{"start":{"line":73,"column":28},"end":{"line":78,"column":1}},"26":{"start":{"line":74,"column":16},"end":{"line":74,"column":51}},"27":{"start":{"line":75,"column":15},"end":{"line":75,"column":33}},"28":{"start":{"line":76,"column":4},"end":{"line":76,"column":36}},"29":{"start":{"line":81,"column":25},"end":{"line":91,"column":1}},"30":{"start":{"line":82,"column":17},"end":{"line":82,"column":19}},"31":{"start":{"line":83,"column":4},"end":{"line":87,"column":6}},"32":{"start":{"line":84,"column":19},"end":{"line":84,"column":39}},"33":{"start":{"line":85,"column":20},"end":{"line":85,"column":56}},"34":{"start":{"line":86,"column":8},"end":{"line":86,"column":27}},"35":{"start":{"line":89,"column":4},"end":{"line":89,"column":18}},"36":{"start":{"line":95,"column":24},"end":{"line":104,"column":1}},"37":{"start":{"line":96,"column":16},"end":{"line":96,"column":20}},"38":{"start":{"line":97,"column":4},"end":{"line":101,"column":5}},"39":{"start":{"line":98,"column":8},"end":{"line":98,"column":45}},"40":{"start":{"line":100,"column":8},"end":{"line":100,"column":46}},"41":{"start":{"line":103,"column":4},"end":{"line":103,"column":16}},"42":{"start":{"line":106,"column":24},"end":{"line":124,"column":1}},"43":{"start":{"line":107,"column":17},"end":{"line":107,"column":19}},"44":{"start":{"line":108,"column":21},"end":{"line":108,"column":70}},"45":{"start":{"line":110,"column":4},"end":{"line":121,"column":5}},"46":{"start":{"line":110,"column":17},"end":{"line":110,"column":18}},"47":{"start":{"line":111,"column":19},"end":{"line":111,"column":30}},"48":{"start":{"line":113,"column":19},"end":{"line":113,"column":28}},"49":{"start":{"line":114,"column":8},"end":{"line":116,"column":9}},"50":{"start":{"line":115,"column":12},"end":{"line":115,"column":34}},"51":{"start":{"line":117,"column":19},"end":{"line":117,"column":41}},"52":{"start":{"line":118,"column":8},"end":{"line":120,"column":9}},"53":{"start":{"line":119,"column":12},"end":{"line":119,"column":40}},"54":{"start":{"line":123,"column":4},"end":{"line":123,"column":18}},"55":{"start":{"line":126,"column":24},"end":{"line":129,"column":1}},"56":{"start":{"line":128,"column":4},"end":{"line":128,"column":54}},"57":{"start":{"line":131,"column":0},"end":{"line":133,"column":1}}},"fnMap":{"0":{"name":"(anonymous_0)","decl":{"start":{"line":7,"column":19},"end":{"line":7,"column":20}},"loc":{"start":{"line":7,"column":39},"end":{"line":71,"column":1}},"line":7},"1":{"name":"(anonymous_1)","decl":{"start":{"line":15,"column":25},"end":{"line":15,"column":26}},"loc":{"start":{"line":15,"column":32},"end":{"line":20,"column":13}},"line":15},"2":{"name":"(anonymous_2)","decl":{"start":{"line":73,"column":28},"end":{"line":73,"column":29}},"loc":{"start":{"line":73,"column":42},"end":{"line":78,"column":1}},"line":73},"3":{"name":"(anonymous_3)","decl":{"start":{"line":81,"column":25},"end":{"line":81,"column":26}},"loc":{"start":{"line":81,"column":39},"end":{"line":91,"column":1}},"line":81},"4":{"name":"(anonymous_4)","decl":{"start":{"line":83,"column":41},"end":{"line":83,"column":42}},"loc":{"start":{"line":83,"column":50},"end":{"line":87,"column":5}},"line":83},"5":{"name":"(anonymous_5)","decl":{"start":{"line":95,"column":24},"end":{"line":95,"column":25}},"loc":{"start":{"line":95,"column":48},"end":{"line":104,"column":1}},"line":95},"6":{"name":"(anonymous_6)","decl":{"start":{"line":106,"column":24},"end":{"line":106,"column":25}},"loc":{"start":{"line":106,"column":49},"end":{"line":124,"column":1}},"line":106},"7":{"name":"(anonymous_7)","decl":{"start":{"line":126,"column":24},"end":{"line":126,"column":25}},"loc":{"start":{"line":126,"column":41},"end":{"line":129,"column":1}},"line":126}},"branchMap":{"0":{"loc":{"start":{"line":12,"column":4},"end":{"line":22,"column":5}},"type":"if","locations":[{"start":{"line":12,"column":4},"end":{"line":22,"column":5}},{"start":{"line":12,"column":4},"end":{"line":22,"column":5}}],"line":12},"1":{"loc":{"start":{"line":12,"column":8},"end":{"line":12,"column":78}},"type":"binary-expr","locations":[{"start":{"line":12,"column":8},"end":{"line":12,"column":28}},{"start":{"line":12,"column":32},"end":{"line":12,"column":55}},{"start":{"line":12,"column":59},"end":{"line":12,"column":78}}],"line":12},"2":{"loc":{"start":{"line":14,"column":8},"end":{"line":21,"column":9}},"type":"if","locations":[{"start":{"line":14,"column":8},"end":{"line":21,"column":9}},{"start":{"line":14,"column":8},"end":{"line":21,"column":9}}],"line":14},"3":{"loc":{"start":{"line":17,"column":16},"end":{"line":17,"column":87}},"type":"if","locations":[{"start":{"line":17,"column":16},"end":{"line":17,"column":87}},{"start":{"line":17,"column":16},"end":{"line":17,"column":87}}],"line":17},"4":{"loc":{"start":{"line":24,"column":4},"end":{"line":70,"column":5}},"type":"switch","locations":[{"start":{"line":26,"column":8},"end":{"line":26,"column":24}},{"start":{"line":27,"column":8},"end":{"line":27,"column":25}},{"start":{"line":28,"column":8},"end":{"line":31,"column":13}},{"start":{"line":32,"column":8},"end":{"line":38,"column":13}},{"start":{"line":39,"column":8},"end":{"line":42,"column":13}},{"start":{"line":44,"column":8},"end":{"line":47,"column":13}},{"start":{"line":48,"column":8},"end":{"line":51,"column":13}},{"start":{"line":53,"column":8},"end":{"line":56,"column":13}},{"start":{"line":57,"column":8},"end":{"line":60,"column":13}},{"start":{"line":61,"column":8},"end":{"line":64,"column":13}},{"start":{"line":65,"column":8},"end":{"line":69,"column":13}}],"line":24},"5":{"loc":{"start":{"line":97,"column":4},"end":{"line":101,"column":5}},"type":"if","locations":[{"start":{"line":97,"column":4},"end":{"line":101,"column":5}},{"start":{"line":97,"column":4},"end":{"line":101,"column":5}}],"line":97},"6":{"loc":{"start":{"line":108,"column":21},"end":{"line":108,"column":70}},"type":"cond-expr","locations":[{"start":{"line":108,"column":58},"end":{"line":108,"column":62}},{"start":{"line":108,"column":65},"end":{"line":108,"column":70}}],"line":108},"7":{"loc":{"start":{"line":114,"column":8},"end":{"line":116,"column":9}},"type":"if","locations":[{"start":{"line":114,"column":8},"end":{"line":116,"column":9}},{"start":{"line":114,"column":8},"end":{"line":116,"column":9}}],"line":114},"8":{"loc":{"start":{"line":118,"column":8},"end":{"line":120,"column":9}},"type":"if","locations":[{"start":{"line":118,"column":8},"end":{"line":120,"column":9}},{"start":{"line":118,"column":8},"end":{"line":120,"column":9}}],"line":118}},"s":{"0":1,"1":1,"2":1,"3":1,"4":0,"5":0,"6":0,"7":0,"8":0,"9":0,"10":0,"11":0,"12":0,"13":0,"14":0,"15":0,"16":0,"17":0,"18":0,"19":0,"20":0,"21":0,"22":0,"23":0,"24":0,"25":1,"26":0,"27":0,"28":0,"29":1,"30":0,"31":0,"32":0,"33":0,"34":0,"35":0,"36":1,"37":0,"38":0,"39":0,"40":0,"41":0,"42":1,"43":0,"44":0,"45":0,"46":0,"47":0,"48":0,"49":0,"50":0,"51":0,"52":0,"53":0,"54":0,"55":1,"56":0,"57":1},"f":{"0":0,"1":0,"2":0,"3":0,"4":0,"5":0,"6":0,"7":0},"b":{"0":[0,0],"1":[0,0,0],"2":[0,0],"3":[0,0],"4":[0,0,0,0,0,0,0,0,0,0,0],"5":[0,0],"6":[0,0],"7":[0,0],"8":[0,0]},"_coverageSchema":"43e27e138ebf9cfc5966b082cf9a028302ed4184","hash":"ef5e122f788221ed30dbc4d6621c1e5bdb3eafbc","contentHash":"c3ea9565e70ac6e6d9a302561f28a216f1dda8abc7c7e44f97e9db5774ded38e"},"/Users/alpuchilo/Documents/GitHub/js-amino/src/jsonDecoder.js":{"path":"/Users/alpuchilo/Documents/GitHub/js-amino/src/jsonDecoder.js","statementMap":{"0":{"start":{"line":1,"column":19},"end":{"line":1,"column":39}},"1":{"start":{"line":4,"column":4},"end":{"line":4,"column":22}},"2":{"start":{"line":5,"column":17},"end":{"line":5,"column":39}},"3":{"start":{"line":7,"column":19},"end":{"line":13,"column":1}},"4":{"start":{"line":8,"column":4},"end":{"line":12,"column":6}},"5":{"start":{"line":9,"column":19},"end":{"line":9,"column":39}},"6":{"start":{"line":10,"column":19},"end":{"line":10,"column":72}},"7":{"start":{"line":11,"column":8},"end":{"line":11,"column":28}},"8":{"start":{"line":15,"column":24},"end":{"line":51,"column":1}},"9":{"start":{"line":16,"column":4},"end":{"line":50,"column":5}},"10":{"start":{"line":21,"column":12},"end":{"line":21,"column":34}},"11":{"start":{"line":23,"column":12},"end":{"line":23,"column":34}},"12":{"start":{"line":25,"column":12},"end":{"line":25,"column":24}},"13":{"start":{"line":28,"column":16},"end":{"line":28,"column":56}},"14":{"start":{"line":32,"column":16},"end":{"line":32,"column":45}},"15":{"start":{"line":36,"column":16},"end":{"line":36,"column":77}},"16":{"start":{"line":40,"column":16},"end":{"line":40,"column":74}},"17":{"start":{"line":44,"column":16},"end":{"line":44,"column":59}},"18":{"start":{"line":48,"column":16},"end":{"line":48,"column":73}},"19":{"start":{"line":53,"column":25},"end":{"line":60,"column":1}},"20":{"start":{"line":54,"column":4},"end":{"line":58,"column":6}},"21":{"start":{"line":55,"column":19},"end":{"line":55,"column":39}},"22":{"start":{"line":56,"column":19},"end":{"line":56,"column":67}},"23":{"start":{"line":57,"column":8},"end":{"line":57,"column":28}},"24":{"start":{"line":59,"column":4},"end":{"line":59,"column":19}},"25":{"start":{"line":62,"column":24},"end":{"line":64,"column":1}},"26":{"start":{"line":63,"column":4},"end":{"line":63,"column":51}},"27":{"start":{"line":66,"column":28},"end":{"line":79,"column":1}},"28":{"start":{"line":67,"column":19},"end":{"line":67,"column":46}},"29":{"start":{"line":68,"column":4},"end":{"line":70,"column":5}},"30":{"start":{"line":69,"column":8},"end":{"line":69,"column":56}},"31":{"start":{"line":71,"column":19},"end":{"line":71,"column":59}},"32":{"start":{"line":72,"column":4},"end":{"line":76,"column":5}},"33":{"start":{"line":73,"column":8},"end":{"line":75,"column":9}},"34":{"start":{"line":74,"column":12},"end":{"line":74,"column":93}},"35":{"start":{"line":78,"column":4},"end":{"line":78,"column":49}},"36":{"start":{"line":81,"column":24},"end":{"line":97,"column":1}},"37":{"start":{"line":82,"column":17},"end":{"line":82,"column":19}},"38":{"start":{"line":83,"column":21},"end":{"line":83,"column":70}},"39":{"start":{"line":85,"column":4},"end":{"line":94,"column":5}},"40":{"start":{"line":85,"column":17},"end":{"line":85,"column":18}},"41":{"start":{"line":86,"column":19},"end":{"line":86,"column":31}},"42":{"start":{"line":87,"column":8},"end":{"line":89,"column":9}},"43":{"start":{"line":88,"column":12},"end":{"line":88,"column":34}},"44":{"start":{"line":90,"column":19},"end":{"line":90,"column":45}},"45":{"start":{"line":91,"column":8},"end":{"line":93,"column":9}},"46":{"start":{"line":92,"column":12},"end":{"line":92,"column":40}},"47":{"start":{"line":96,"column":4},"end":{"line":96,"column":18}},"48":{"start":{"line":99,"column":0},"end":{"line":101,"column":1}}},"fnMap":{"0":{"name":"(anonymous_0)","decl":{"start":{"line":7,"column":19},"end":{"line":7,"column":20}},"loc":{"start":{"line":7,"column":40},"end":{"line":13,"column":1}},"line":7},"1":{"name":"(anonymous_1)","decl":{"start":{"line":8,"column":41},"end":{"line":8,"column":42}},"loc":{"start":{"line":8,"column":55},"end":{"line":12,"column":5}},"line":8},"2":{"name":"(anonymous_2)","decl":{"start":{"line":15,"column":24},"end":{"line":15,"column":25}},"loc":{"start":{"line":15,"column":55},"end":{"line":51,"column":1}},"line":15},"3":{"name":"(anonymous_3)","decl":{"start":{"line":53,"column":25},"end":{"line":53,"column":26}},"loc":{"start":{"line":53,"column":46},"end":{"line":60,"column":1}},"line":53},"4":{"name":"(anonymous_4)","decl":{"start":{"line":54,"column":41},"end":{"line":54,"column":42}},"loc":{"start":{"line":54,"column":55},"end":{"line":58,"column":5}},"line":54},"5":{"name":"(anonymous_5)","decl":{"start":{"line":62,"column":24},"end":{"line":62,"column":25}},"loc":{"start":{"line":62,"column":35},"end":{"line":64,"column":1}},"line":62},"6":{"name":"(anonymous_6)","decl":{"start":{"line":66,"column":28},"end":{"line":66,"column":29}},"loc":{"start":{"line":66,"column":49},"end":{"line":79,"column":1}},"line":66},"7":{"name":"(anonymous_7)","decl":{"start":{"line":81,"column":24},"end":{"line":81,"column":25}},"loc":{"start":{"line":81,"column":56},"end":{"line":97,"column":1}},"line":81}},"branchMap":{"0":{"loc":{"start":{"line":16,"column":4},"end":{"line":50,"column":5}},"type":"switch","locations":[{"start":{"line":18,"column":8},"end":{"line":18,"column":24}},{"start":{"line":19,"column":8},"end":{"line":19,"column":25}},{"start":{"line":20,"column":8},"end":{"line":21,"column":34}},{"start":{"line":22,"column":8},"end":{"line":23,"column":34}},{"start":{"line":24,"column":8},"end":{"line":25,"column":24}},{"start":{"line":26,"column":8},"end":{"line":29,"column":13}},{"start":{"line":30,"column":8},"end":{"line":33,"column":13}},{"start":{"line":34,"column":8},"end":{"line":37,"column":13}},{"start":{"line":38,"column":8},"end":{"line":41,"column":13}},{"start":{"line":42,"column":8},"end":{"line":45,"column":13}},{"start":{"line":46,"column":8},"end":{"line":49,"column":13}}],"line":16},"1":{"loc":{"start":{"line":68,"column":4},"end":{"line":70,"column":5}},"type":"if","locations":[{"start":{"line":68,"column":4},"end":{"line":70,"column":5}},{"start":{"line":68,"column":4},"end":{"line":70,"column":5}}],"line":68},"2":{"loc":{"start":{"line":72,"column":4},"end":{"line":76,"column":5}},"type":"if","locations":[{"start":{"line":72,"column":4},"end":{"line":76,"column":5}},{"start":{"line":72,"column":4},"end":{"line":76,"column":5}}],"line":72},"3":{"loc":{"start":{"line":72,"column":8},"end":{"line":72,"column":33}},"type":"binary-expr","locations":[{"start":{"line":72,"column":8},"end":{"line":72,"column":16}},{"start":{"line":72,"column":20},"end":{"line":72,"column":33}}],"line":72},"4":{"loc":{"start":{"line":73,"column":8},"end":{"line":75,"column":9}},"type":"if","locations":[{"start":{"line":73,"column":8},"end":{"line":75,"column":9}},{"start":{"line":73,"column":8},"end":{"line":75,"column":9}}],"line":73},"5":{"loc":{"start":{"line":83,"column":21},"end":{"line":83,"column":70}},"type":"cond-expr","locations":[{"start":{"line":83,"column":58},"end":{"line":83,"column":62}},{"start":{"line":83,"column":65},"end":{"line":83,"column":70}}],"line":83},"6":{"loc":{"start":{"line":87,"column":8},"end":{"line":89,"column":9}},"type":"if","locations":[{"start":{"line":87,"column":8},"end":{"line":89,"column":9}},{"start":{"line":87,"column":8},"end":{"line":89,"column":9}}],"line":87},"7":{"loc":{"start":{"line":91,"column":8},"end":{"line":93,"column":9}},"type":"if","locations":[{"start":{"line":91,"column":8},"end":{"line":93,"column":9}},{"start":{"line":91,"column":8},"end":{"line":93,"column":9}}],"line":91}},"s":{"0":1,"1":1,"2":1,"3":1,"4":0,"5":0,"6":0,"7":0,"8":1,"9":0,"10":0,"11":0,"12":0,"13":0,"14":0,"15":0,"16":0,"17":0,"18":0,"19":1,"20":0,"21":0,"22":0,"23":0,"24":0,"25":1,"26":0,"27":1,"28":0,"29":0,"30":0,"31":0,"32":0,"33":0,"34":0,"35":0,"36":1,"37":0,"38":0,"39":0,"40":0,"41":0,"42":0,"43":0,"44":0,"45":0,"46":0,"47":0,"48":1},"f":{"0":0,"1":0,"2":0,"3":0,"4":0,"5":0,"6":0,"7":0},"b":{"0":[0,0,0,0,0,0,0,0,0,0,0],"1":[0,0],"2":[0,0],"3":[0,0],"4":[0,0],"5":[0,0],"6":[0,0],"7":[0,0]},"_coverageSchema":"43e27e138ebf9cfc5966b082cf9a028302ed4184","hash":"ff9c8a68883f96ab8120582816fd32e9c0ea4420","contentHash":"563c9968ab1ef1ba0293f21d06c36cd4f9f8249d2e6618ea0fad0d734883140e"}}